running develop
running egg_info
creating explorer_navigation2.egg-info
writing explorer_navigation2.egg-info/PKG-INFO
writing dependency_links to explorer_navigation2.egg-info/dependency_links.txt
writing entry points to explorer_navigation2.egg-info/entry_points.txt
writing requirements to explorer_navigation2.egg-info/requires.txt
writing top-level names to explorer_navigation2.egg-info/top_level.txt
writing manifest file 'explorer_navigation2.egg-info/SOURCES.txt'
reading manifest file 'explorer_navigation2.egg-info/SOURCES.txt'
writing manifest file 'explorer_navigation2.egg-info/SOURCES.txt'
running build_ext
Creating /workspaces/navigation_ws_humble2/install/explorer_navigation2/lib/python3.10/site-packages/explorer-navigation2.egg-link (link to .)

Installed /workspaces/navigation_ws_humble2/build/explorer_navigation2
running install_data
creating /workspaces/navigation_ws_humble2/install/explorer_navigation2/share/ament_index
creating /workspaces/navigation_ws_humble2/install/explorer_navigation2/share/ament_index/resource_index
creating /workspaces/navigation_ws_humble2/install/explorer_navigation2/share/ament_index/resource_index/packages
copying resource/explorer_navigation2 -> /workspaces/navigation_ws_humble2/install/explorer_navigation2/share/ament_index/resource_index/packages
copying package.xml -> /workspaces/navigation_ws_humble2/install/explorer_navigation2/share/explorer_navigation2
creating /workspaces/navigation_ws_humble2/install/explorer_navigation2/share/explorer_navigation2/launch
copying launch/navigation2.launch.py -> /workspaces/navigation_ws_humble2/install/explorer_navigation2/share/explorer_navigation2/launch
creating /workspaces/navigation_ws_humble2/install/explorer_navigation2/share/explorer_navigation2/rviz
copying rviz/tb3_navigation2.rviz -> /workspaces/navigation_ws_humble2/install/explorer_navigation2/share/explorer_navigation2/rviz
creating /workspaces/navigation_ws_humble2/install/explorer_navigation2/share/explorer_navigation2/param
copying param/burger.yaml -> /workspaces/navigation_ws_humble2/install/explorer_navigation2/share/explorer_navigation2/param
creating /workspaces/navigation_ws_humble2/install/explorer_navigation2/share/explorer_navigation2/behavior_trees
copying behavior_trees/navigate_through_poses_w_replanning_and_recovery.xml -> /workspaces/navigation_ws_humble2/install/explorer_navigation2/share/explorer_navigation2/behavior_trees
copying behavior_trees/navigate_w_replanning_and_recovery.xml -> /workspaces/navigation_ws_humble2/install/explorer_navigation2/share/explorer_navigation2/behavior_trees
