[4.274s] Invoking command in '/workspaces/navigation_ws_humble2/build/explorer_navigation2': PYTHONPATH=/workspaces/navigation_ws_humble2/build/explorer_navigation2/prefix_override:/workspaces/navigation_ws_humble2/install/explorer_navigation2/lib/python3.10/site-packages:${PYTHONPATH} /usr/bin/python3 setup.py develop --editable --build-directory /workspaces/navigation_ws_humble2/build/explorer_navigation2/build --no-deps install_data
[6.365s] running develop
[6.366s] /usr/lib/python3/dist-packages/setuptools/command/easy_install.py:158: EasyInstallDeprecationWarning: easy_install command is deprecated. Use build and pip and other standards-based tools.
[6.366s]   warnings.warn(
[6.369s] /usr/lib/python3/dist-packages/setuptools/command/install.py:34: SetuptoolsDeprecationWarning: setup.py install is deprecated. Use build and pip and other standards-based tools.
[6.370s]   warnings.warn(
[7.983s] running egg_info
[7.984s] creating explorer_navigation2.egg-info
[7.995s] writing explorer_navigation2.egg-info/PKG-INFO
[7.998s] writing dependency_links to explorer_navigation2.egg-info/dependency_links.txt
[8.001s] writing entry points to explorer_navigation2.egg-info/entry_points.txt
[8.002s] writing requirements to explorer_navigation2.egg-info/requires.txt
[8.003s] writing top-level names to explorer_navigation2.egg-info/top_level.txt
[8.004s] writing manifest file 'explorer_navigation2.egg-info/SOURCES.txt'
[8.024s] reading manifest file 'explorer_navigation2.egg-info/SOURCES.txt'
[8.031s] writing manifest file 'explorer_navigation2.egg-info/SOURCES.txt'
[8.055s] running build_ext
[8.056s] Creating /workspaces/navigation_ws_humble2/install/explorer_navigation2/lib/python3.10/site-packages/explorer-navigation2.egg-link (link to .)
[8.058s] 
[8.059s] Installed /workspaces/navigation_ws_humble2/build/explorer_navigation2
[8.059s] running install_data
[8.059s] creating /workspaces/navigation_ws_humble2/install/explorer_navigation2/share/ament_index
[8.060s] creating /workspaces/navigation_ws_humble2/install/explorer_navigation2/share/ament_index/resource_index
[8.062s] creating /workspaces/navigation_ws_humble2/install/explorer_navigation2/share/ament_index/resource_index/packages
[8.062s] copying resource/explorer_navigation2 -> /workspaces/navigation_ws_humble2/install/explorer_navigation2/share/ament_index/resource_index/packages
[8.066s] copying package.xml -> /workspaces/navigation_ws_humble2/install/explorer_navigation2/share/explorer_navigation2
[8.066s] creating /workspaces/navigation_ws_humble2/install/explorer_navigation2/share/explorer_navigation2/launch
[8.067s] copying launch/navigation2.launch.py -> /workspaces/navigation_ws_humble2/install/explorer_navigation2/share/explorer_navigation2/launch
[8.068s] creating /workspaces/navigation_ws_humble2/install/explorer_navigation2/share/explorer_navigation2/rviz
[8.075s] copying rviz/tb3_navigation2.rviz -> /workspaces/navigation_ws_humble2/install/explorer_navigation2/share/explorer_navigation2/rviz
[8.080s] creating /workspaces/navigation_ws_humble2/install/explorer_navigation2/share/explorer_navigation2/param
[8.080s] copying param/burger.yaml -> /workspaces/navigation_ws_humble2/install/explorer_navigation2/share/explorer_navigation2/param
[8.083s] creating /workspaces/navigation_ws_humble2/install/explorer_navigation2/share/explorer_navigation2/behavior_trees
[8.084s] copying behavior_trees/navigate_through_poses_w_replanning_and_recovery.xml -> /workspaces/navigation_ws_humble2/install/explorer_navigation2/share/explorer_navigation2/behavior_trees
[8.084s] copying behavior_trees/navigate_w_replanning_and_recovery.xml -> /workspaces/navigation_ws_humble2/install/explorer_navigation2/share/explorer_navigation2/behavior_trees
[8.319s] Invoked command in '/workspaces/navigation_ws_humble2/build/explorer_navigation2' returned '0': PYTHONPATH=/workspaces/navigation_ws_humble2/build/explorer_navigation2/prefix_override:/workspaces/navigation_ws_humble2/install/explorer_navigation2/lib/python3.10/site-packages:${PYTHONPATH} /usr/bin/python3 setup.py develop --editable --build-directory /workspaces/navigation_ws_humble2/build/explorer_navigation2/build --no-deps install_data
