[2.081s] Invoking command in '/workspaces/navigation_ws_humble2/build/turtlebot3_teleop': PYTHONPATH=/workspaces/navigation_ws_humble2/build/turtlebot3_teleop/prefix_override:/workspaces/navigation_ws_humble2/install/turtlebot3_teleop/lib/python3.10/site-packages:${PYTHONPATH} /usr/bin/python3 setup.py develop --editable --build-directory /workspaces/navigation_ws_humble2/build/turtlebot3_teleop/build --no-deps install_data
[2.643s] running develop
[2.644s] /usr/lib/python3/dist-packages/setuptools/command/easy_install.py:158: EasyInstallDeprecationWarning: easy_install command is deprecated. Use build and pip and other standards-based tools.
[2.644s]   warnings.warn(
[2.647s] /usr/lib/python3/dist-packages/setuptools/command/install.py:34: SetuptoolsDeprecationWarning: setup.py install is deprecated. Use build and pip and other standards-based tools.
[2.647s]   warnings.warn(
[3.010s] running egg_info
[3.011s] creating turtlebot3_teleop.egg-info
[3.011s] writing turtlebot3_teleop.egg-info/PKG-INFO
[3.013s] writing dependency_links to turtlebot3_teleop.egg-info/dependency_links.txt
[3.013s] writing entry points to turtlebot3_teleop.egg-info/entry_points.txt
[3.013s] writing requirements to turtlebot3_teleop.egg-info/requires.txt
[3.013s] writing top-level names to turtlebot3_teleop.egg-info/top_level.txt
[3.013s] writing manifest file 'turtlebot3_teleop.egg-info/SOURCES.txt'
[3.014s] reading manifest file 'turtlebot3_teleop.egg-info/SOURCES.txt'
[3.015s] writing manifest file 'turtlebot3_teleop.egg-info/SOURCES.txt'
[3.020s] running build_ext
[3.021s] Creating /workspaces/navigation_ws_humble2/install/turtlebot3_teleop/lib/python3.10/site-packages/turtlebot3-teleop.egg-link (link to .)
[3.023s] Installing teleop_keyboard script to /workspaces/navigation_ws_humble2/install/turtlebot3_teleop/lib/turtlebot3_teleop
[3.023s] 
[3.023s] Installed /workspaces/navigation_ws_humble2/build/turtlebot3_teleop
[3.023s] running install_data
[3.024s] creating /workspaces/navigation_ws_humble2/install/turtlebot3_teleop/share/ament_index
[3.024s] creating /workspaces/navigation_ws_humble2/install/turtlebot3_teleop/share/ament_index/resource_index
[3.024s] creating /workspaces/navigation_ws_humble2/install/turtlebot3_teleop/share/ament_index/resource_index/packages
[3.024s] copying resource/turtlebot3_teleop -> /workspaces/navigation_ws_humble2/install/turtlebot3_teleop/share/ament_index/resource_index/packages
[3.024s] copying package.xml -> /workspaces/navigation_ws_humble2/install/turtlebot3_teleop/share/turtlebot3_teleop
[3.137s] Invoked command in '/workspaces/navigation_ws_humble2/build/turtlebot3_teleop' returned '0': PYTHONPATH=/workspaces/navigation_ws_humble2/build/turtlebot3_teleop/prefix_override:/workspaces/navigation_ws_humble2/install/turtlebot3_teleop/lib/python3.10/site-packages:${PYTHONPATH} /usr/bin/python3 setup.py develop --editable --build-directory /workspaces/navigation_ws_humble2/build/turtlebot3_teleop/build --no-deps install_data
