/usr/lib/python3/dist-packages/setuptools/command/easy_install.py:158: EasyInstallDeprecationWarning: easy_install command is deprecated. Use build and pip and other standards-based tools.
  warnings.warn(
/usr/lib/python3/dist-packages/setuptools/command/install.py:34: SetuptoolsDeprecationWarning: setup.py install is deprecated. Use build and pip and other standards-based tools.
  warnings.warn(
running develop
running egg_info
creating explorer_bringup.egg-info
writing explorer_bringup.egg-info/PKG-INFO
writing dependency_links to explorer_bringup.egg-info/dependency_links.txt
writing entry points to explorer_bringup.egg-info/entry_points.txt
writing requirements to explorer_bringup.egg-info/requires.txt
writing top-level names to explorer_bringup.egg-info/top_level.txt
writing manifest file 'explorer_bringup.egg-info/SOURCES.txt'
reading manifest file 'explorer_bringup.egg-info/SOURCES.txt'
writing manifest file 'explorer_bringup.egg-info/SOURCES.txt'
running build_ext
Creating /workspaces/navigation_ws_humble2/install/explorer_bringup/lib/python3.10/site-packages/explorer-bringup.egg-link (link to .)
Installing manager script to /workspaces/navigation_ws_humble2/install/explorer_bringup/lib/explorer_bringup

Installed /workspaces/navigation_ws_humble2/build/explorer_bringup
running install_data
creating /workspaces/navigation_ws_humble2/install/explorer_bringup/share/ament_index
creating /workspaces/navigation_ws_humble2/install/explorer_bringup/share/ament_index/resource_index
creating /workspaces/navigation_ws_humble2/install/explorer_bringup/share/ament_index/resource_index/packages
copying resource/explorer_bringup -> /workspaces/navigation_ws_humble2/install/explorer_bringup/share/ament_index/resource_index/packages
copying package.xml -> /workspaces/navigation_ws_humble2/install/explorer_bringup/share/explorer_bringup
copying launch/map7.launch.py -> /workspaces/navigation_ws_humble2/install/explorer_bringup/share/explorer_bringup
copying launch/map8.launch.py -> /workspaces/navigation_ws_humble2/install/explorer_bringup/share/explorer_bringup
copying launch/map9.launch.py -> /workspaces/navigation_ws_humble2/install/explorer_bringup/share/explorer_bringup
copying launch/map2.launch.py -> /workspaces/navigation_ws_humble2/install/explorer_bringup/share/explorer_bringup
copying launch/map1.launch.py -> /workspaces/navigation_ws_humble2/install/explorer_bringup/share/explorer_bringup
copying launch/map5.launch.py -> /workspaces/navigation_ws_humble2/install/explorer_bringup/share/explorer_bringup
copying launch/map6.launch.py -> /workspaces/navigation_ws_humble2/install/explorer_bringup/share/explorer_bringup
copying launch/map10.launch.py -> /workspaces/navigation_ws_humble2/install/explorer_bringup/share/explorer_bringup
copying launch/map3.launch.py -> /workspaces/navigation_ws_humble2/install/explorer_bringup/share/explorer_bringup
copying launch/map4.launch.py -> /workspaces/navigation_ws_humble2/install/explorer_bringup/share/explorer_bringup
copying launch/map11.launch.py -> /workspaces/navigation_ws_humble2/install/explorer_bringup/share/explorer_bringup
