[2.370s] Invoking command in '/workspaces/navigation_ws_humble2/build/explorer_bringup': PYTHONPATH=/workspaces/navigation_ws_humble2/build/explorer_bringup/prefix_override:/workspaces/navigation_ws_humble2/install/explorer_bringup/lib/python3.10/site-packages:${PYTHONPATH} /usr/bin/python3 setup.py develop --editable --build-directory /workspaces/navigation_ws_humble2/build/explorer_bringup/build --no-deps install_data
[3.275s] /usr/lib/python3/dist-packages/setuptools/command/easy_install.py:158: EasyInstallDeprecationWarning: easy_install command is deprecated. Use build and pip and other standards-based tools.
[3.275s]   warnings.warn(
[3.275s] /usr/lib/python3/dist-packages/setuptools/command/install.py:34: SetuptoolsDeprecationWarning: setup.py install is deprecated. Use build and pip and other standards-based tools.
[3.275s]   warnings.warn(
[3.276s] running develop
[3.743s] running egg_info
[3.743s] creating explorer_bringup.egg-info
[3.749s] writing explorer_bringup.egg-info/PKG-INFO
[3.749s] writing dependency_links to explorer_bringup.egg-info/dependency_links.txt
[3.750s] writing entry points to explorer_bringup.egg-info/entry_points.txt
[3.751s] writing requirements to explorer_bringup.egg-info/requires.txt
[3.752s] writing top-level names to explorer_bringup.egg-info/top_level.txt
[3.752s] writing manifest file 'explorer_bringup.egg-info/SOURCES.txt'
[3.762s] reading manifest file 'explorer_bringup.egg-info/SOURCES.txt'
[3.765s] writing manifest file 'explorer_bringup.egg-info/SOURCES.txt'
[3.770s] running build_ext
[3.773s] Creating /workspaces/navigation_ws_humble2/install/explorer_bringup/lib/python3.10/site-packages/explorer-bringup.egg-link (link to .)
[3.775s] Installing manager script to /workspaces/navigation_ws_humble2/install/explorer_bringup/lib/explorer_bringup
[3.776s] 
[3.782s] Installed /workspaces/navigation_ws_humble2/build/explorer_bringup
[3.782s] running install_data
[3.782s] creating /workspaces/navigation_ws_humble2/install/explorer_bringup/share/ament_index
[3.782s] creating /workspaces/navigation_ws_humble2/install/explorer_bringup/share/ament_index/resource_index
[3.783s] creating /workspaces/navigation_ws_humble2/install/explorer_bringup/share/ament_index/resource_index/packages
[3.783s] copying resource/explorer_bringup -> /workspaces/navigation_ws_humble2/install/explorer_bringup/share/ament_index/resource_index/packages
[3.783s] copying package.xml -> /workspaces/navigation_ws_humble2/install/explorer_bringup/share/explorer_bringup
[3.783s] copying launch/map7.launch.py -> /workspaces/navigation_ws_humble2/install/explorer_bringup/share/explorer_bringup
[3.783s] copying launch/map8.launch.py -> /workspaces/navigation_ws_humble2/install/explorer_bringup/share/explorer_bringup
[3.784s] copying launch/map9.launch.py -> /workspaces/navigation_ws_humble2/install/explorer_bringup/share/explorer_bringup
[3.784s] copying launch/map2.launch.py -> /workspaces/navigation_ws_humble2/install/explorer_bringup/share/explorer_bringup
[3.784s] copying launch/map1.launch.py -> /workspaces/navigation_ws_humble2/install/explorer_bringup/share/explorer_bringup
[3.784s] copying launch/map5.launch.py -> /workspaces/navigation_ws_humble2/install/explorer_bringup/share/explorer_bringup
[3.784s] copying launch/map6.launch.py -> /workspaces/navigation_ws_humble2/install/explorer_bringup/share/explorer_bringup
[3.784s] copying launch/map10.launch.py -> /workspaces/navigation_ws_humble2/install/explorer_bringup/share/explorer_bringup
[3.784s] copying launch/map3.launch.py -> /workspaces/navigation_ws_humble2/install/explorer_bringup/share/explorer_bringup
[3.785s] copying launch/map4.launch.py -> /workspaces/navigation_ws_humble2/install/explorer_bringup/share/explorer_bringup
[3.785s] copying launch/map11.launch.py -> /workspaces/navigation_ws_humble2/install/explorer_bringup/share/explorer_bringup
[3.881s] Invoked command in '/workspaces/navigation_ws_humble2/build/explorer_bringup' returned '0': PYTHONPATH=/workspaces/navigation_ws_humble2/build/explorer_bringup/prefix_override:/workspaces/navigation_ws_humble2/install/explorer_bringup/lib/python3.10/site-packages:${PYTHONPATH} /usr/bin/python3 setup.py develop --editable --build-directory /workspaces/navigation_ws_humble2/build/explorer_bringup/build --no-deps install_data
