[0.100s] Invoking command in '/workspaces/navigation_ws_humble2/build/turtlebot3_node': CMAKE_PREFIX_PATH=${CMAKE_PREFIX_PATH}:/workspaces/navigation_ws_humble2/install/turtlebot3_teleop:/workspaces/navigation_ws_humble2/install/turtlebot3_example:/workspaces/navigation_ws_humble2/install/explorer_wanderer:/workspaces/navigation_ws_humble2/install/explorer_navigation2:/workspaces/navigation_ws_humble2/install/explorer_map_utils:/workspaces/navigation_ws_humble2/install/explorer_bringup:/opt/ros/humble /usr/bin/cmake /workspaces/navigation_ws_humble2/src/turtlebot3/turtlebot3_node -DAMENT_CMAKE_SYMLINK_INSTALL=1 -DCMAKE_INSTALL_PREFIX=/workspaces/navigation_ws_humble2/install/turtlebot3_node
[0.509s] -- The C compiler identification is GNU 11.4.0
[0.510s] -- The CXX compiler identification is GNU 11.4.0
[0.510s] -- Detecting C compiler ABI info
[0.510s] -- Detecting C compiler ABI info - done
[0.510s] -- Check for working C compiler: /usr/bin/cc - skipped
[0.510s] -- Detecting C compile features
[0.510s] -- Detecting C compile features - done
[0.510s] -- Detecting CXX compiler ABI info
[0.511s] -- Detecting CXX compiler ABI info - done
[0.511s] -- Check for working CXX compiler: /usr/bin/c++ - skipped
[0.511s] -- Detecting CXX compile features
[0.511s] -- Detecting CXX compile features - done
[0.511s] -- Found ament_cmake: 1.3.5 (/opt/ros/humble/share/ament_cmake/cmake)
[0.856s] -- Found Python3: /usr/bin/python3.10 (found version "3.10.12") found components: Interpreter 
[0.983s] -- Override CMake install command with custom implementation using symlinks instead of copying resources
[1.094s] -- Found dynamixel_sdk: 3.7.60 (/opt/ros/humble/share/dynamixel_sdk/cmake)
[1.095s] -- Found geometry_msgs: 4.2.3 (/opt/ros/humble/share/geometry_msgs/cmake)
[1.263s] -- Found rosidl_generator_c: 3.1.5 (/opt/ros/humble/share/rosidl_generator_c/cmake)
[1.284s] -- Found rosidl_adapter: 3.1.5 (/opt/ros/humble/share/rosidl_adapter/cmake)
[1.302s] -- Found rosidl_generator_cpp: 3.1.5 (/opt/ros/humble/share/rosidl_generator_cpp/cmake)
[1.364s] -- Using all available rosidl_typesupport_c: rosidl_typesupport_fastrtps_c;rosidl_typesupport_introspection_c
[1.433s] -- Using all available rosidl_typesupport_cpp: rosidl_typesupport_fastrtps_cpp;rosidl_typesupport_introspection_cpp
[1.820s] -- Found message_filters: 4.3.3 (/opt/ros/humble/share/message_filters/cmake)
[2.054s] -- Found rmw_implementation_cmake: 6.1.1 (/opt/ros/humble/share/rmw_implementation_cmake/cmake)
[2.063s] -- Found rmw_fastrtps_cpp: 6.2.3 (/opt/ros/humble/share/rmw_fastrtps_cpp/cmake)
[2.444s] -- Found OpenSSL: /usr/lib/x86_64-linux-gnu/libcrypto.so (found version "3.0.2")  
[2.523s] -- Found FastRTPS: /opt/ros/humble/include  
[2.639s] -- Using RMW implementation 'rmw_fastrtps_cpp' as default
[2.686s] -- Looking for pthread.h
[2.908s] -- Looking for pthread.h - found
[2.908s] -- Performing Test CMAKE_HAVE_LIBC_PTHREAD
[3.130s] -- Performing Test CMAKE_HAVE_LIBC_PTHREAD - Success
[3.132s] -- Found Threads: TRUE  
[3.566s] -- Found nav_msgs: 4.2.3 (/opt/ros/humble/share/nav_msgs/cmake)
[3.798s] -- Found sensor_msgs: 4.2.3 (/opt/ros/humble/share/sensor_msgs/cmake)
[4.115s] -- Found std_srvs: 4.2.3 (/opt/ros/humble/share/std_srvs/cmake)
[4.177s] -- Found tf2: 0.25.3 (/opt/ros/humble/share/tf2/cmake)
[4.231s] -- Found tf2_ros: 0.25.3 (/opt/ros/humble/share/tf2_ros/cmake)
[5.485s] -- Found turtlebot3_msgs: 2.2.3 (/opt/ros/humble/share/turtlebot3_msgs/cmake)
[5.946s] -- Configuring done
[6.087s] -- Generating done
[6.098s] -- Build files have been written to: /workspaces/navigation_ws_humble2/build/turtlebot3_node
[6.135s] Invoked command in '/workspaces/navigation_ws_humble2/build/turtlebot3_node' returned '0': CMAKE_PREFIX_PATH=${CMAKE_PREFIX_PATH}:/workspaces/navigation_ws_humble2/install/turtlebot3_teleop:/workspaces/navigation_ws_humble2/install/turtlebot3_example:/workspaces/navigation_ws_humble2/install/explorer_wanderer:/workspaces/navigation_ws_humble2/install/explorer_navigation2:/workspaces/navigation_ws_humble2/install/explorer_map_utils:/workspaces/navigation_ws_humble2/install/explorer_bringup:/opt/ros/humble /usr/bin/cmake /workspaces/navigation_ws_humble2/src/turtlebot3/turtlebot3_node -DAMENT_CMAKE_SYMLINK_INSTALL=1 -DCMAKE_INSTALL_PREFIX=/workspaces/navigation_ws_humble2/install/turtlebot3_node
[6.136s] Invoking command in '/workspaces/navigation_ws_humble2/build/turtlebot3_node': CMAKE_PREFIX_PATH=${CMAKE_PREFIX_PATH}:/workspaces/navigation_ws_humble2/install/turtlebot3_teleop:/workspaces/navigation_ws_humble2/install/turtlebot3_example:/workspaces/navigation_ws_humble2/install/explorer_wanderer:/workspaces/navigation_ws_humble2/install/explorer_navigation2:/workspaces/navigation_ws_humble2/install/explorer_map_utils:/workspaces/navigation_ws_humble2/install/explorer_bringup:/opt/ros/humble /usr/bin/cmake --build /workspaces/navigation_ws_humble2/build/turtlebot3_node -- -j8 -l8
[7.443s] [  7%] [32mBuilding CXX object CMakeFiles/turtlebot3_node_lib.dir/src/devices/motor_power.cpp.o[0m
[7.443s] [ 14%] [32mBuilding CXX object CMakeFiles/turtlebot3_node_lib.dir/src/devices/sound.cpp.o[0m
[7.443s] [ 21%] [32mBuilding CXX object CMakeFiles/turtlebot3_node_lib.dir/src/devices/reset.cpp.o[0m
[7.443s] [ 28%] [32mBuilding CXX object CMakeFiles/turtlebot3_node_lib.dir/src/diff_drive_controller.cpp.o[0m
[7.443s] [ 42%] [32mBuilding CXX object CMakeFiles/turtlebot3_node_lib.dir/src/odometry.cpp.o[0m
[7.444s] [ 42%] [32mBuilding CXX object CMakeFiles/turtlebot3_node_lib.dir/src/dynamixel_sdk_wrapper.cpp.o[0m
[7.444s] [ 50%] [32mBuilding CXX object CMakeFiles/turtlebot3_node_lib.dir/src/sensors/battery_state.cpp.o[0m
[7.444s] [ 57%] [32mBuilding CXX object CMakeFiles/turtlebot3_node_lib.dir/src/turtlebot3.cpp.o[0m
[9.297s] [ 64%] [32mBuilding CXX object CMakeFiles/turtlebot3_node_lib.dir/src/sensors/imu.cpp.o[0m
[19.200s] [ 71%] [32mBuilding CXX object CMakeFiles/turtlebot3_node_lib.dir/src/sensors/joint_state.cpp.o[0m
[53.052s] [ 78%] [32mBuilding CXX object CMakeFiles/turtlebot3_node_lib.dir/src/sensors/sensor_state.cpp.o[0m
[60.119s] [ 85%] [32m[1mLinking CXX static library libturtlebot3_node_lib.a[0m
[61.179s] [ 85%] Built target turtlebot3_node_lib
[61.210s] [ 92%] [32mBuilding CXX object CMakeFiles/turtlebot3_ros.dir/src/node_main.cpp.o[0m
[66.157s] [100%] [32m[1mLinking CXX executable turtlebot3_ros[0m
[68.991s] [100%] Built target turtlebot3_ros
[69.006s] Invoked command in '/workspaces/navigation_ws_humble2/build/turtlebot3_node' returned '0': CMAKE_PREFIX_PATH=${CMAKE_PREFIX_PATH}:/workspaces/navigation_ws_humble2/install/turtlebot3_teleop:/workspaces/navigation_ws_humble2/install/turtlebot3_example:/workspaces/navigation_ws_humble2/install/explorer_wanderer:/workspaces/navigation_ws_humble2/install/explorer_navigation2:/workspaces/navigation_ws_humble2/install/explorer_map_utils:/workspaces/navigation_ws_humble2/install/explorer_bringup:/opt/ros/humble /usr/bin/cmake --build /workspaces/navigation_ws_humble2/build/turtlebot3_node -- -j8 -l8
[69.112s] Invoking command in '/workspaces/navigation_ws_humble2/build/turtlebot3_node': CMAKE_PREFIX_PATH=${CMAKE_PREFIX_PATH}:/workspaces/navigation_ws_humble2/install/turtlebot3_teleop:/workspaces/navigation_ws_humble2/install/turtlebot3_example:/workspaces/navigation_ws_humble2/install/explorer_wanderer:/workspaces/navigation_ws_humble2/install/explorer_navigation2:/workspaces/navigation_ws_humble2/install/explorer_map_utils:/workspaces/navigation_ws_humble2/install/explorer_bringup:/opt/ros/humble /usr/bin/cmake --install /workspaces/navigation_ws_humble2/build/turtlebot3_node
[69.123s] -- Install configuration: ""
[69.124s] -- Execute custom install script
[69.125s] -- Symlinking: /workspaces/navigation_ws_humble2/install/turtlebot3_node/share/turtlebot3_node/param/burger.yaml
[69.140s] -- Symlinking: /workspaces/navigation_ws_humble2/install/turtlebot3_node/share/turtlebot3_node/param/waffle.yaml
[69.154s] -- Symlinking: /workspaces/navigation_ws_humble2/install/turtlebot3_node/share/turtlebot3_node/param/waffle_pi.yaml
[69.164s] -- Symlinking: /workspaces/navigation_ws_humble2/install/turtlebot3_node/lib/turtlebot3_node/turtlebot3_ros
[69.176s] -- Symlinking: /workspaces/navigation_ws_humble2/install/turtlebot3_node/share/ament_index/resource_index/package_run_dependencies/turtlebot3_node
[69.188s] -- Symlinking: /workspaces/navigation_ws_humble2/install/turtlebot3_node/share/ament_index/resource_index/parent_prefix_path/turtlebot3_node
[69.202s] -- Symlinking: /workspaces/navigation_ws_humble2/install/turtlebot3_node/share/turtlebot3_node/environment/ament_prefix_path.sh
[69.212s] -- Symlinking: /workspaces/navigation_ws_humble2/install/turtlebot3_node/share/turtlebot3_node/environment/ament_prefix_path.dsv
[69.224s] -- Symlinking: /workspaces/navigation_ws_humble2/install/turtlebot3_node/share/turtlebot3_node/environment/path.sh
[69.240s] -- Symlinking: /workspaces/navigation_ws_humble2/install/turtlebot3_node/share/turtlebot3_node/environment/path.dsv
[69.253s] -- Symlinking: /workspaces/navigation_ws_humble2/install/turtlebot3_node/share/turtlebot3_node/local_setup.bash
[69.262s] -- Symlinking: /workspaces/navigation_ws_humble2/install/turtlebot3_node/share/turtlebot3_node/local_setup.sh
[69.278s] -- Symlinking: /workspaces/navigation_ws_humble2/install/turtlebot3_node/share/turtlebot3_node/local_setup.zsh
[69.289s] -- Symlinking: /workspaces/navigation_ws_humble2/install/turtlebot3_node/share/turtlebot3_node/local_setup.dsv
[69.305s] -- Symlinking: /workspaces/navigation_ws_humble2/install/turtlebot3_node/share/turtlebot3_node/package.dsv
[69.317s] -- Symlinking: /workspaces/navigation_ws_humble2/install/turtlebot3_node/share/ament_index/resource_index/packages/turtlebot3_node
[69.333s] -- Symlinking: /workspaces/navigation_ws_humble2/install/turtlebot3_node/share/turtlebot3_node/cmake/ament_cmake_export_include_directories-extras.cmake
[69.351s] -- Symlinking: /workspaces/navigation_ws_humble2/install/turtlebot3_node/share/turtlebot3_node/cmake/turtlebot3_nodeConfig.cmake
[69.365s] -- Symlinking: /workspaces/navigation_ws_humble2/install/turtlebot3_node/share/turtlebot3_node/cmake/turtlebot3_nodeConfig-version.cmake
[69.378s] -- Symlinking: /workspaces/navigation_ws_humble2/install/turtlebot3_node/share/turtlebot3_node/package.xml
[69.395s] Invoked command in '/workspaces/navigation_ws_humble2/build/turtlebot3_node' returned '0': CMAKE_PREFIX_PATH=${CMAKE_PREFIX_PATH}:/workspaces/navigation_ws_humble2/install/turtlebot3_teleop:/workspaces/navigation_ws_humble2/install/turtlebot3_example:/workspaces/navigation_ws_humble2/install/explorer_wanderer:/workspaces/navigation_ws_humble2/install/explorer_navigation2:/workspaces/navigation_ws_humble2/install/explorer_map_utils:/workspaces/navigation_ws_humble2/install/explorer_bringup:/opt/ros/humble /usr/bin/cmake --install /workspaces/navigation_ws_humble2/build/turtlebot3_node
