[0.439s] Invoking command in '/workspaces/navigation_ws_humble2/build/turtlebot3_gazebo': CMAKE_PREFIX_PATH=${CMAKE_PREFIX_PATH}:/workspaces/navigation_ws_humble2/install/turtlebot3_teleop:/workspaces/navigation_ws_humble2/install/turtlebot3_example:/workspaces/navigation_ws_humble2/install/explorer_wanderer:/workspaces/navigation_ws_humble2/install/explorer_navigation2:/workspaces/navigation_ws_humble2/install/explorer_map_utils:/workspaces/navigation_ws_humble2/install/explorer_bringup:/opt/ros/humble /usr/bin/cmake /workspaces/navigation_ws_humble2/src/turtlebot3_simulations/turtlebot3_gazebo -DAMENT_CMAKE_SYMLINK_INSTALL=1 -DCMAKE_INSTALL_PREFIX=/workspaces/navigation_ws_humble2/install/turtlebot3_gazebo
[0.565s] -- The C compiler identification is GNU 11.4.0
[0.710s] -- The CXX compiler identification is GNU 11.4.0
[0.723s] -- Detecting C compiler ABI info
[0.849s] -- Detecting C compiler ABI info - done
[0.865s] -- Check for working C compiler: /usr/bin/cc - skipped
[0.865s] -- Detecting C compile features
[0.866s] -- Detecting C compile features - done
[0.872s] -- Detecting CXX compiler ABI info
[1.044s] -- Detecting CXX compiler ABI info - done
[1.059s] -- Check for working CXX compiler: /usr/bin/c++ - skipped
[1.060s] -- Detecting CXX compile features
[1.061s] -- Detecting CXX compile features - done
[1.068s] -- Found ament_cmake: 1.3.5 (/opt/ros/humble/share/ament_cmake/cmake)
[1.499s] -- Found Python3: /usr/bin/python3.10 (found version "3.10.12") found components: Interpreter 
[1.710s] -- Override CMake install command with custom implementation using symlinks instead of copying resources
[1.866s] [33mCMake Warning (dev) at /usr/share/cmake-3.22/Modules/FindPackageHandleStandardArgs.cmake:438 (message):
[1.866s]   The package name passed to `find_package_handle_standard_args` (PkgConfig)
[1.866s]   does not match the name of the calling package (gazebo).  This can lead to
[1.866s]   problems in calling code that expects `find_package` result variables
[1.866s]   (e.g., `_FOUND`) to follow a certain pattern.
[1.866s] Call Stack (most recent call first):
[1.866s]   /usr/share/cmake-3.22/Modules/FindPkgConfig.cmake:99 (find_package_handle_standard_args)
[1.867s]   /usr/lib/x86_64-linux-gnu/cmake/gazebo/gazebo-config.cmake:72 (include)
[1.867s]   CMakeLists.txt:23 (find_package)
[1.867s] This warning is for project developers.  Use -Wno-dev to suppress it.
[1.867s] [0m
[1.867s] -- Found PkgConfig: /usr/bin/pkg-config (found version "0.29.2") 
[1.879s] -- Checking for module 'bullet>=2.82'
[1.954s] --   Found bullet, version 3.05
[2.328s] -- Found fcl: /usr/include (found suitable version "0.7.0", minimum required is "0.5.0") 
[2.487s] -- Found assimp: /usr/include (found version "5.2.0") 
[2.545s] -- Found DART: /usr/include (Required is at least version "6.6") found components: dart 
[3.029s] -- Found Boost: /usr/lib/x86_64-linux-gnu/cmake/Boost-1.74.0/BoostConfig.cmake (found suitable version "1.74.0", minimum required is "1.40.0") found components: thread system filesystem program_options regex iostreams date_time 
[3.080s] -- Found Protobuf: /usr/lib/x86_64-linux-gnu/libprotobuf.so (found version "3.12.4") 
[3.103s] -- Looking for ignition-math6 -- found version 6.12.0
[3.133s] -- Searching for dependencies of ignition-math6
[3.140s] -- Looking for OGRE...
[3.140s] -- OGRE_PREFIX_WATCH changed.
[3.149s] -- Checking for module 'OGRE'
[3.197s] --   Found OGRE, version 1.9.0
[3.293s] -- Found Ogre Ghadamon (1.9.0)
[3.314s] -- Found OGRE: optimized;/usr/lib/x86_64-linux-gnu/libOgreMain.so;debug;/usr/lib/x86_64-linux-gnu/libOgreMain.so
[3.343s] -- Looking for OGRE_Paging...
[3.363s] -- Found OGRE_Paging: optimized;/usr/lib/x86_64-linux-gnu/libOgrePaging.so;debug;/usr/lib/x86_64-linux-gnu/libOgrePaging.so
[3.363s] -- Looking for OGRE_Terrain...
[3.410s] -- Found OGRE_Terrain: optimized;/usr/lib/x86_64-linux-gnu/libOgreTerrain.so;debug;/usr/lib/x86_64-linux-gnu/libOgreTerrain.so
[3.410s] -- Looking for OGRE_Property...
[3.426s] -- Found OGRE_Property: optimized;/usr/lib/x86_64-linux-gnu/libOgreProperty.so;debug;/usr/lib/x86_64-linux-gnu/libOgreProperty.so
[3.427s] -- Looking for OGRE_RTShaderSystem...
[3.443s] -- Found OGRE_RTShaderSystem: optimized;/usr/lib/x86_64-linux-gnu/libOgreRTShaderSystem.so;debug;/usr/lib/x86_64-linux-gnu/libOgreRTShaderSystem.so
[3.444s] -- Looking for OGRE_Volume...
[3.463s] -- Found OGRE_Volume: optimized;/usr/lib/x86_64-linux-gnu/libOgreVolume.so;debug;/usr/lib/x86_64-linux-gnu/libOgreVolume.so
[3.463s] -- Looking for OGRE_Overlay...
[3.486s] -- Found OGRE_Overlay: optimized;/usr/lib/x86_64-linux-gnu/libOgreOverlay.so;debug;/usr/lib/x86_64-linux-gnu/libOgreOverlay.so
[3.888s] -- Looking for ignition-math6 -- found version 6.12.0
[3.919s] -- Looking for ignition-transport8 -- found version 8.2.1
[3.919s] -- Searching for dependencies of ignition-transport8
[3.956s] -- Found Protobuf: /usr/lib/x86_64-linux-gnu/libprotobuf.so (found suitable version "3.12.4", minimum required is "3") 
[3.985s] -- Config-file not installed for ZeroMQ -- checking for pkg-config
[3.995s] -- Checking for module 'libzmq >= 4'
[4.059s] --   Found libzmq , version 4.3.4
[4.328s] -- Found ZeroMQ: TRUE (Required is at least version "4") 
[4.347s] -- Checking for module 'uuid'
[4.405s] --   Found uuid, version 2.37.2
[4.508s] -- Found UUID: TRUE  
[4.519s] -- Looking for ignition-msgs5 -- found version 5.8.1
[4.521s] -- Searching for dependencies of ignition-msgs5
[4.592s] -- Looking for ignition-math6 -- found version 6.12.0
[4.600s] -- Checking for module 'tinyxml2'
[4.678s] --   Found tinyxml2, version 9.0.0
[4.974s] -- Looking for ignition-msgs5 -- found version 5.8.1
[4.988s] -- Looking for ignition-common3 -- found version 3.14.0
[4.989s] -- Searching for dependencies of ignition-common3
[4.990s] -- Looking for dlfcn.h - found
[4.996s] -- Looking for libdl - found
[5.003s] -- Found DL: TRUE  
[5.044s] -- Found tinyobjloader: /usr/lib/x86_64-linux-gnu/cmake/tinyobjloader/tinyobjloader-config.cmake (found version "2.0.0") 
[5.046s] -- Searching for <ignition-common3> component [graphics]
[5.060s] -- Looking for ignition-common3-graphics -- found version 3.14.0
[5.064s] -- Searching for dependencies of ignition-common3-graphics
[5.067s] -- Looking for ignition-math6 -- found version 6.12.0
[5.100s] -- Looking for ignition-fuel_tools4 -- found version 4.4.0
[5.104s] -- Searching for dependencies of ignition-fuel_tools4
[5.485s] -- Found CURL: /usr/lib/x86_64-linux-gnu/libcurl.so (found version "7.81.0")  
[5.505s] -- Checking for module 'jsoncpp'
[5.564s] --   Found jsoncpp, version 1.9.5
[5.712s] -- Found JSONCPP: TRUE  
[5.737s] -- Checking for module 'libzip'
[5.798s] --   Found libzip, version 1.7.3
[5.934s] -- Found ZIP: TRUE  
[5.935s] -- Looking for ignition-common3 -- found version 3.14.0
[5.936s] -- Looking for ignition-math6 -- found version 6.12.0
[5.937s] -- Looking for ignition-msgs5 -- found version 5.8.1
[5.960s] -- Found gazebo_ros_pkgs: 3.7.0 (/opt/ros/humble/share/gazebo_ros_pkgs/cmake)
[5.966s] -- Found geometry_msgs: 4.2.3 (/opt/ros/humble/share/geometry_msgs/cmake)
[6.069s] -- Found rosidl_generator_c: 3.1.5 (/opt/ros/humble/share/rosidl_generator_c/cmake)
[6.086s] -- Found rosidl_adapter: 3.1.5 (/opt/ros/humble/share/rosidl_adapter/cmake)
[6.114s] -- Found rosidl_generator_cpp: 3.1.5 (/opt/ros/humble/share/rosidl_generator_cpp/cmake)
[6.150s] -- Using all available rosidl_typesupport_c: rosidl_typesupport_fastrtps_c;rosidl_typesupport_introspection_c
[6.255s] -- Using all available rosidl_typesupport_cpp: rosidl_typesupport_fastrtps_cpp;rosidl_typesupport_introspection_cpp
[6.944s] -- Found nav_msgs: 4.2.3 (/opt/ros/humble/share/nav_msgs/cmake)
[7.816s] -- Found rclcpp: 16.0.5 (/opt/ros/humble/share/rclcpp/cmake)
[8.247s] -- Found rmw_implementation_cmake: 6.1.1 (/opt/ros/humble/share/rmw_implementation_cmake/cmake)
[8.308s] -- Found rmw_fastrtps_cpp: 6.2.3 (/opt/ros/humble/share/rmw_fastrtps_cpp/cmake)
[9.185s] -- Found OpenSSL: /usr/lib/x86_64-linux-gnu/libcrypto.so (found version "3.0.2")  
[9.416s] -- Found FastRTPS: /opt/ros/humble/include  
[9.912s] -- Using RMW implementation 'rmw_fastrtps_cpp' as default
[10.030s] -- Found Threads: TRUE  
[10.655s] -- Found sensor_msgs: 4.2.3 (/opt/ros/humble/share/sensor_msgs/cmake)
[11.173s] -- Found tf2: 0.25.3 (/opt/ros/humble/share/tf2/cmake)
[11.791s] -- Configuring done
[12.059s] -- Generating done
[12.067s] -- Build files have been written to: /workspaces/navigation_ws_humble2/build/turtlebot3_gazebo
[12.216s] Invoked command in '/workspaces/navigation_ws_humble2/build/turtlebot3_gazebo' returned '0': CMAKE_PREFIX_PATH=${CMAKE_PREFIX_PATH}:/workspaces/navigation_ws_humble2/install/turtlebot3_teleop:/workspaces/navigation_ws_humble2/install/turtlebot3_example:/workspaces/navigation_ws_humble2/install/explorer_wanderer:/workspaces/navigation_ws_humble2/install/explorer_navigation2:/workspaces/navigation_ws_humble2/install/explorer_map_utils:/workspaces/navigation_ws_humble2/install/explorer_bringup:/opt/ros/humble /usr/bin/cmake /workspaces/navigation_ws_humble2/src/turtlebot3_simulations/turtlebot3_gazebo -DAMENT_CMAKE_SYMLINK_INSTALL=1 -DCMAKE_INSTALL_PREFIX=/workspaces/navigation_ws_humble2/install/turtlebot3_gazebo
[12.216s] Invoking command in '/workspaces/navigation_ws_humble2/build/turtlebot3_gazebo': CMAKE_PREFIX_PATH=${CMAKE_PREFIX_PATH}:/workspaces/navigation_ws_humble2/install/turtlebot3_teleop:/workspaces/navigation_ws_humble2/install/turtlebot3_example:/workspaces/navigation_ws_humble2/install/explorer_wanderer:/workspaces/navigation_ws_humble2/install/explorer_navigation2:/workspaces/navigation_ws_humble2/install/explorer_map_utils:/workspaces/navigation_ws_humble2/install/explorer_bringup:/opt/ros/humble /usr/bin/cmake --build /workspaces/navigation_ws_humble2/build/turtlebot3_gazebo -- -j8 -l8
[12.619s] [ 12%] [32mBuilding CXX object CMakeFiles/obstacle2.dir/models/turtlebot3_dqn_world/obstacle_plugin/obstacle2.cc.o[0m
[12.648s] [ 25%] [32mBuilding CXX object CMakeFiles/turtlebot3_drive.dir/src/turtlebot3_drive.cpp.o[0m
[12.653s] [ 37%] [32mBuilding CXX object CMakeFiles/obstacle1.dir/models/turtlebot3_dqn_world/obstacle_plugin/obstacle1.cc.o[0m
[12.704s] [ 50%] [32mBuilding CXX object CMakeFiles/obstacles.dir/models/turtlebot3_dqn_world/obstacle_plugin/obstacles.cc.o[0m
[46.522s] [ 62%] [32m[1mLinking CXX executable turtlebot3_drive[0m
[48.730s] [ 62%] Built target turtlebot3_drive
[51.561s] [ 75%] [32m[1mLinking CXX shared library libobstacle2.so[0m
[51.687s] [ 87%] [32m[1mLinking CXX shared library libobstacles.so[0m
[52.203s] [100%] [32m[1mLinking CXX shared library libobstacle1.so[0m
[52.398s] [100%] Built target obstacles
[52.406s] [100%] Built target obstacle2
[52.808s] [100%] Built target obstacle1
[52.826s] Invoked command in '/workspaces/navigation_ws_humble2/build/turtlebot3_gazebo' returned '0': CMAKE_PREFIX_PATH=${CMAKE_PREFIX_PATH}:/workspaces/navigation_ws_humble2/install/turtlebot3_teleop:/workspaces/navigation_ws_humble2/install/turtlebot3_example:/workspaces/navigation_ws_humble2/install/explorer_wanderer:/workspaces/navigation_ws_humble2/install/explorer_navigation2:/workspaces/navigation_ws_humble2/install/explorer_map_utils:/workspaces/navigation_ws_humble2/install/explorer_bringup:/opt/ros/humble /usr/bin/cmake --build /workspaces/navigation_ws_humble2/build/turtlebot3_gazebo -- -j8 -l8
[52.887s] Invoking command in '/workspaces/navigation_ws_humble2/build/turtlebot3_gazebo': CMAKE_PREFIX_PATH=${CMAKE_PREFIX_PATH}:/workspaces/navigation_ws_humble2/install/turtlebot3_teleop:/workspaces/navigation_ws_humble2/install/turtlebot3_example:/workspaces/navigation_ws_humble2/install/explorer_wanderer:/workspaces/navigation_ws_humble2/install/explorer_navigation2:/workspaces/navigation_ws_humble2/install/explorer_map_utils:/workspaces/navigation_ws_humble2/install/explorer_bringup:/opt/ros/humble /usr/bin/cmake --install /workspaces/navigation_ws_humble2/build/turtlebot3_gazebo
[52.896s] -- Install configuration: ""
[52.896s] -- Execute custom install script
[52.897s] -- Symlinking: /workspaces/navigation_ws_humble2/install/turtlebot3_gazebo/lib/turtlebot3_gazebo/turtlebot3_drive
[52.912s] -- Symlinking: /workspaces/navigation_ws_humble2/install/turtlebot3_gazebo/share/turtlebot3_gazebo//launch/empty_world.launch.py
[52.927s] -- Symlinking: /workspaces/navigation_ws_humble2/install/turtlebot3_gazebo/share/turtlebot3_gazebo//launch/robot_state_publisher.launch.py
[52.940s] -- Symlinking: /workspaces/navigation_ws_humble2/install/turtlebot3_gazebo/share/turtlebot3_gazebo//launch/spawn_turtlebot3.launch.py
[52.954s] -- Symlinking: /workspaces/navigation_ws_humble2/install/turtlebot3_gazebo/share/turtlebot3_gazebo//launch/turtlebot3_dqn_stage1.launch.py
[52.966s] -- Symlinking: /workspaces/navigation_ws_humble2/install/turtlebot3_gazebo/share/turtlebot3_gazebo//launch/turtlebot3_dqn_stage2.launch.py
[52.980s] -- Symlinking: /workspaces/navigation_ws_humble2/install/turtlebot3_gazebo/share/turtlebot3_gazebo//launch/turtlebot3_dqn_stage3.launch.py
[52.992s] -- Symlinking: /workspaces/navigation_ws_humble2/install/turtlebot3_gazebo/share/turtlebot3_gazebo//launch/turtlebot3_dqn_stage4.launch.py
[53.002s] -- Symlinking: /workspaces/navigation_ws_humble2/install/turtlebot3_gazebo/share/turtlebot3_gazebo//launch/turtlebot3_house.launch.py
[53.011s] -- Symlinking: /workspaces/navigation_ws_humble2/install/turtlebot3_gazebo/share/turtlebot3_gazebo//launch/turtlebot3_world.launch.py
[53.024s] -- Symlinking: /workspaces/navigation_ws_humble2/install/turtlebot3_gazebo/share/turtlebot3_gazebo//models/turtlebot3_burger/model-1_4.sdf
[53.038s] -- Symlinking: /workspaces/navigation_ws_humble2/install/turtlebot3_gazebo/share/turtlebot3_gazebo//models/turtlebot3_burger/model.config
[53.051s] -- Symlinking: /workspaces/navigation_ws_humble2/install/turtlebot3_gazebo/share/turtlebot3_gazebo//models/turtlebot3_burger/model.sdf
[53.062s] -- Symlinking: /workspaces/navigation_ws_humble2/install/turtlebot3_gazebo/share/turtlebot3_gazebo//models/turtlebot3_common/meshes/burger_base.dae
[53.072s] -- Symlinking: /workspaces/navigation_ws_humble2/install/turtlebot3_gazebo/share/turtlebot3_gazebo//models/turtlebot3_common/meshes/lds.dae
[53.086s] -- Symlinking: /workspaces/navigation_ws_humble2/install/turtlebot3_gazebo/share/turtlebot3_gazebo//models/turtlebot3_common/meshes/r200.dae
[53.095s] -- Symlinking: /workspaces/navigation_ws_humble2/install/turtlebot3_gazebo/share/turtlebot3_gazebo//models/turtlebot3_common/meshes/tire.dae
[53.108s] -- Symlinking: /workspaces/navigation_ws_humble2/install/turtlebot3_gazebo/share/turtlebot3_gazebo//models/turtlebot3_common/meshes/waffle_base.dae
[53.123s] -- Symlinking: /workspaces/navigation_ws_humble2/install/turtlebot3_gazebo/share/turtlebot3_gazebo//models/turtlebot3_common/meshes/waffle_pi_base.dae
[53.140s] -- Symlinking: /workspaces/navigation_ws_humble2/install/turtlebot3_gazebo/share/turtlebot3_gazebo//models/turtlebot3_common/model.config
[53.152s] -- Symlinking: /workspaces/navigation_ws_humble2/install/turtlebot3_gazebo/share/turtlebot3_gazebo//models/turtlebot3_dqn_world/goal_box/model.config
[53.166s] -- Symlinking: /workspaces/navigation_ws_humble2/install/turtlebot3_gazebo/share/turtlebot3_gazebo//models/turtlebot3_dqn_world/goal_box/model.sdf
[53.180s] -- Symlinking: /workspaces/navigation_ws_humble2/install/turtlebot3_gazebo/share/turtlebot3_gazebo//models/turtlebot3_dqn_world/inner_walls/model.config
[53.192s] -- Symlinking: /workspaces/navigation_ws_humble2/install/turtlebot3_gazebo/share/turtlebot3_gazebo//models/turtlebot3_dqn_world/inner_walls/model.sdf
[53.201s] -- Symlinking: /workspaces/navigation_ws_humble2/install/turtlebot3_gazebo/share/turtlebot3_gazebo//models/turtlebot3_dqn_world/model.config
[53.214s] -- Symlinking: /workspaces/navigation_ws_humble2/install/turtlebot3_gazebo/share/turtlebot3_gazebo//models/turtlebot3_dqn_world/model.sdf
[53.227s] -- Symlinking: /workspaces/navigation_ws_humble2/install/turtlebot3_gazebo/share/turtlebot3_gazebo//models/turtlebot3_dqn_world/obstacle1/model.config
[53.239s] -- Symlinking: /workspaces/navigation_ws_humble2/install/turtlebot3_gazebo/share/turtlebot3_gazebo//models/turtlebot3_dqn_world/obstacle1/model.sdf
[53.250s] -- Symlinking: /workspaces/navigation_ws_humble2/install/turtlebot3_gazebo/share/turtlebot3_gazebo//models/turtlebot3_dqn_world/obstacle2/model.config
[53.262s] -- Symlinking: /workspaces/navigation_ws_humble2/install/turtlebot3_gazebo/share/turtlebot3_gazebo//models/turtlebot3_dqn_world/obstacle2/model.sdf
[53.274s] -- Symlinking: /workspaces/navigation_ws_humble2/install/turtlebot3_gazebo/share/turtlebot3_gazebo//models/turtlebot3_dqn_world/obstacle_plugin/CMakeLists.txt
[53.285s] -- Symlinking: /workspaces/navigation_ws_humble2/install/turtlebot3_gazebo/share/turtlebot3_gazebo//models/turtlebot3_dqn_world/obstacle_plugin/obstacle1.cc
[53.295s] -- Symlinking: /workspaces/navigation_ws_humble2/install/turtlebot3_gazebo/share/turtlebot3_gazebo//models/turtlebot3_dqn_world/obstacle_plugin/obstacle2.cc
[53.309s] -- Symlinking: /workspaces/navigation_ws_humble2/install/turtlebot3_gazebo/share/turtlebot3_gazebo//models/turtlebot3_dqn_world/obstacle_plugin/obstacles.cc
[53.323s] -- Symlinking: /workspaces/navigation_ws_humble2/install/turtlebot3_gazebo/share/turtlebot3_gazebo//models/turtlebot3_dqn_world/obstacles/model.config
[53.334s] -- Symlinking: /workspaces/navigation_ws_humble2/install/turtlebot3_gazebo/share/turtlebot3_gazebo//models/turtlebot3_dqn_world/obstacles/model.sdf
[53.346s] -- Symlinking: /workspaces/navigation_ws_humble2/install/turtlebot3_gazebo/share/turtlebot3_gazebo//models/turtlebot3_house/model.config
[53.359s] -- Symlinking: /workspaces/navigation_ws_humble2/install/turtlebot3_gazebo/share/turtlebot3_gazebo//models/turtlebot3_house/model.sdf
[53.372s] -- Symlinking: /workspaces/navigation_ws_humble2/install/turtlebot3_gazebo/share/turtlebot3_gazebo//models/turtlebot3_waffle/model-1_4.sdf
[53.384s] -- Symlinking: /workspaces/navigation_ws_humble2/install/turtlebot3_gazebo/share/turtlebot3_gazebo//models/turtlebot3_waffle/model.config
[53.398s] -- Symlinking: /workspaces/navigation_ws_humble2/install/turtlebot3_gazebo/share/turtlebot3_gazebo//models/turtlebot3_waffle/model.sdf
[53.408s] -- Symlinking: /workspaces/navigation_ws_humble2/install/turtlebot3_gazebo/share/turtlebot3_gazebo//models/turtlebot3_waffle_pi/model-1_4_.sdf
[53.423s] -- Symlinking: /workspaces/navigation_ws_humble2/install/turtlebot3_gazebo/share/turtlebot3_gazebo//models/turtlebot3_waffle_pi/model.config
[53.438s] -- Symlinking: /workspaces/navigation_ws_humble2/install/turtlebot3_gazebo/share/turtlebot3_gazebo//models/turtlebot3_waffle_pi/model.sdf
[53.455s] -- Symlinking: /workspaces/navigation_ws_humble2/install/turtlebot3_gazebo/share/turtlebot3_gazebo//models/turtlebot3_world/meshes/hexagon.dae
[53.464s] -- Symlinking: /workspaces/navigation_ws_humble2/install/turtlebot3_gazebo/share/turtlebot3_gazebo//models/turtlebot3_world/meshes/wall.dae
[53.475s] -- Symlinking: /workspaces/navigation_ws_humble2/install/turtlebot3_gazebo/share/turtlebot3_gazebo//models/turtlebot3_world/model-1_4.sdf
[53.487s] -- Symlinking: /workspaces/navigation_ws_humble2/install/turtlebot3_gazebo/share/turtlebot3_gazebo//models/turtlebot3_world/model.config
[53.497s] -- Symlinking: /workspaces/navigation_ws_humble2/install/turtlebot3_gazebo/share/turtlebot3_gazebo//models/turtlebot3_world/model.sdf
[53.513s] -- Symlinking: /workspaces/navigation_ws_humble2/install/turtlebot3_gazebo/share/turtlebot3_gazebo//rviz/tb3_gazebo.rviz
[53.528s] -- Symlinking: /workspaces/navigation_ws_humble2/install/turtlebot3_gazebo/share/turtlebot3_gazebo//urdf/common_properties.urdf
[53.544s] -- Symlinking: /workspaces/navigation_ws_humble2/install/turtlebot3_gazebo/share/turtlebot3_gazebo//urdf/turtlebot3_burger.urdf
[53.558s] -- Symlinking: /workspaces/navigation_ws_humble2/install/turtlebot3_gazebo/share/turtlebot3_gazebo//urdf/turtlebot3_waffle.urdf
[53.570s] -- Symlinking: /workspaces/navigation_ws_humble2/install/turtlebot3_gazebo/share/turtlebot3_gazebo//urdf/turtlebot3_waffle_pi.urdf
[53.581s] -- Symlinking: /workspaces/navigation_ws_humble2/install/turtlebot3_gazebo/share/turtlebot3_gazebo//worlds/empty_world.world
[53.594s] -- Symlinking: /workspaces/navigation_ws_humble2/install/turtlebot3_gazebo/share/turtlebot3_gazebo//worlds/turtlebot3_dqn_stage1.world
[53.604s] -- Symlinking: /workspaces/navigation_ws_humble2/install/turtlebot3_gazebo/share/turtlebot3_gazebo//worlds/turtlebot3_dqn_stage2.world
[53.614s] -- Symlinking: /workspaces/navigation_ws_humble2/install/turtlebot3_gazebo/share/turtlebot3_gazebo//worlds/turtlebot3_dqn_stage3.world
[53.629s] -- Symlinking: /workspaces/navigation_ws_humble2/install/turtlebot3_gazebo/share/turtlebot3_gazebo//worlds/turtlebot3_dqn_stage4.world
[53.648s] -- Symlinking: /workspaces/navigation_ws_humble2/install/turtlebot3_gazebo/share/turtlebot3_gazebo//worlds/turtlebot3_house.world
[53.665s] -- Symlinking: /workspaces/navigation_ws_humble2/install/turtlebot3_gazebo/share/turtlebot3_gazebo//worlds/turtlebot3_world.world
[53.679s] -- Symlinking: /workspaces/navigation_ws_humble2/install/turtlebot3_gazebo/include//turtlebot3_gazebo/turtlebot3_drive.hpp
[53.696s] -- Symlinking: /workspaces/navigation_ws_humble2/install/turtlebot3_gazebo/share/ament_index/resource_index/package_run_dependencies/turtlebot3_gazebo
[53.711s] -- Symlinking: /workspaces/navigation_ws_humble2/install/turtlebot3_gazebo/share/ament_index/resource_index/parent_prefix_path/turtlebot3_gazebo
[53.726s] -- Symlinking: /workspaces/navigation_ws_humble2/install/turtlebot3_gazebo/share/turtlebot3_gazebo/environment/ament_prefix_path.sh
[53.740s] -- Symlinking: /workspaces/navigation_ws_humble2/install/turtlebot3_gazebo/share/turtlebot3_gazebo/environment/ament_prefix_path.dsv
[53.758s] -- Symlinking: /workspaces/navigation_ws_humble2/install/turtlebot3_gazebo/share/turtlebot3_gazebo/environment/path.sh
[53.771s] -- Symlinking: /workspaces/navigation_ws_humble2/install/turtlebot3_gazebo/share/turtlebot3_gazebo/environment/path.dsv
[53.786s] -- Symlinking: /workspaces/navigation_ws_humble2/install/turtlebot3_gazebo/share/turtlebot3_gazebo/local_setup.bash
[53.800s] -- Symlinking: /workspaces/navigation_ws_humble2/install/turtlebot3_gazebo/share/turtlebot3_gazebo/local_setup.sh
[53.813s] -- Symlinking: /workspaces/navigation_ws_humble2/install/turtlebot3_gazebo/share/turtlebot3_gazebo/local_setup.zsh
[53.830s] -- Symlinking: /workspaces/navigation_ws_humble2/install/turtlebot3_gazebo/share/turtlebot3_gazebo/local_setup.dsv
[53.845s] -- Symlinking: /workspaces/navigation_ws_humble2/install/turtlebot3_gazebo/share/turtlebot3_gazebo/package.dsv
[53.861s] -- Symlinking: /workspaces/navigation_ws_humble2/install/turtlebot3_gazebo/share/ament_index/resource_index/packages/turtlebot3_gazebo
[53.878s] -- Symlinking: /workspaces/navigation_ws_humble2/install/turtlebot3_gazebo/share/turtlebot3_gazebo/cmake/ament_cmake_export_include_directories-extras.cmake
[53.895s] -- Symlinking: /workspaces/navigation_ws_humble2/install/turtlebot3_gazebo/share/turtlebot3_gazebo/cmake/ament_cmake_export_dependencies-extras.cmake
[53.911s] -- Symlinking: /workspaces/navigation_ws_humble2/install/turtlebot3_gazebo/share/turtlebot3_gazebo/cmake/turtlebot3_gazeboConfig.cmake
[53.928s] -- Symlinking: /workspaces/navigation_ws_humble2/install/turtlebot3_gazebo/share/turtlebot3_gazebo/cmake/turtlebot3_gazeboConfig-version.cmake
[53.947s] -- Symlinking: /workspaces/navigation_ws_humble2/install/turtlebot3_gazebo/share/turtlebot3_gazebo/package.xml
[53.976s] Invoked command in '/workspaces/navigation_ws_humble2/build/turtlebot3_gazebo' returned '0': CMAKE_PREFIX_PATH=${CMAKE_PREFIX_PATH}:/workspaces/navigation_ws_humble2/install/turtlebot3_teleop:/workspaces/navigation_ws_humble2/install/turtlebot3_example:/workspaces/navigation_ws_humble2/install/explorer_wanderer:/workspaces/navigation_ws_humble2/install/explorer_navigation2:/workspaces/navigation_ws_humble2/install/explorer_map_utils:/workspaces/navigation_ws_humble2/install/explorer_bringup:/opt/ros/humble /usr/bin/cmake --install /workspaces/navigation_ws_humble2/build/turtlebot3_gazebo
