[0.430s] Invoking command in '/workspaces/navigation_ws_humble2/build/turtlebot3_navigation2': CMAKE_PREFIX_PATH=${CMAKE_PREFIX_PATH}:/workspaces/navigation_ws_humble2/install/turtlebot3_teleop:/workspaces/navigation_ws_humble2/install/turtlebot3_example:/workspaces/navigation_ws_humble2/install/explorer_wanderer:/workspaces/navigation_ws_humble2/install/explorer_navigation2:/workspaces/navigation_ws_humble2/install/explorer_map_utils:/workspaces/navigation_ws_humble2/install/explorer_bringup:/opt/ros/humble /usr/bin/cmake /workspaces/navigation_ws_humble2/src/turtlebot3/turtlebot3_navigation2 -DAMENT_CMAKE_SYMLINK_INSTALL=1 -DCMAKE_INSTALL_PREFIX=/workspaces/navigation_ws_humble2/install/turtlebot3_navigation2
[0.539s] -- The C compiler identification is GNU 11.4.0
[0.674s] -- The CXX compiler identification is GNU 11.4.0
[0.686s] -- Detecting C compiler ABI info
[0.823s] -- Detecting C compiler ABI info - done
[0.841s] -- Check for working C compiler: /usr/bin/cc - skipped
[0.841s] -- Detecting C compile features
[0.842s] -- Detecting C compile features - done
[0.848s] -- Detecting CXX compiler ABI info
[1.093s] -- Detecting CXX compiler ABI info - done
[1.110s] -- Check for working CXX compiler: /usr/bin/c++ - skipped
[1.111s] -- Detecting CXX compile features
[1.112s] -- Detecting CXX compile features - done
[1.124s] -- Found ament_cmake: 1.3.5 (/opt/ros/humble/share/ament_cmake/cmake)
[1.602s] -- Found Python3: /usr/bin/python3.10 (found version "3.10.12") found components: Interpreter 
[1.789s] -- Override CMake install command with custom implementation using symlinks instead of copying resources
[2.043s] -- Configuring done
[2.056s] -- Generating done
[2.062s] -- Build files have been written to: /workspaces/navigation_ws_humble2/build/turtlebot3_navigation2
[2.084s] Invoked command in '/workspaces/navigation_ws_humble2/build/turtlebot3_navigation2' returned '0': CMAKE_PREFIX_PATH=${CMAKE_PREFIX_PATH}:/workspaces/navigation_ws_humble2/install/turtlebot3_teleop:/workspaces/navigation_ws_humble2/install/turtlebot3_example:/workspaces/navigation_ws_humble2/install/explorer_wanderer:/workspaces/navigation_ws_humble2/install/explorer_navigation2:/workspaces/navigation_ws_humble2/install/explorer_map_utils:/workspaces/navigation_ws_humble2/install/explorer_bringup:/opt/ros/humble /usr/bin/cmake /workspaces/navigation_ws_humble2/src/turtlebot3/turtlebot3_navigation2 -DAMENT_CMAKE_SYMLINK_INSTALL=1 -DCMAKE_INSTALL_PREFIX=/workspaces/navigation_ws_humble2/install/turtlebot3_navigation2
[2.085s] Invoking command in '/workspaces/navigation_ws_humble2/build/turtlebot3_navigation2': CMAKE_PREFIX_PATH=${CMAKE_PREFIX_PATH}:/workspaces/navigation_ws_humble2/install/turtlebot3_teleop:/workspaces/navigation_ws_humble2/install/turtlebot3_example:/workspaces/navigation_ws_humble2/install/explorer_wanderer:/workspaces/navigation_ws_humble2/install/explorer_navigation2:/workspaces/navigation_ws_humble2/install/explorer_map_utils:/workspaces/navigation_ws_humble2/install/explorer_bringup:/opt/ros/humble /usr/bin/cmake --build /workspaces/navigation_ws_humble2/build/turtlebot3_navigation2 -- -j8 -l8
[2.258s] Invoked command in '/workspaces/navigation_ws_humble2/build/turtlebot3_navigation2' returned '0': CMAKE_PREFIX_PATH=${CMAKE_PREFIX_PATH}:/workspaces/navigation_ws_humble2/install/turtlebot3_teleop:/workspaces/navigation_ws_humble2/install/turtlebot3_example:/workspaces/navigation_ws_humble2/install/explorer_wanderer:/workspaces/navigation_ws_humble2/install/explorer_navigation2:/workspaces/navigation_ws_humble2/install/explorer_map_utils:/workspaces/navigation_ws_humble2/install/explorer_bringup:/opt/ros/humble /usr/bin/cmake --build /workspaces/navigation_ws_humble2/build/turtlebot3_navigation2 -- -j8 -l8
[2.961s] Invoking command in '/workspaces/navigation_ws_humble2/build/turtlebot3_navigation2': CMAKE_PREFIX_PATH=${CMAKE_PREFIX_PATH}:/workspaces/navigation_ws_humble2/install/turtlebot3_teleop:/workspaces/navigation_ws_humble2/install/turtlebot3_example:/workspaces/navigation_ws_humble2/install/explorer_wanderer:/workspaces/navigation_ws_humble2/install/explorer_navigation2:/workspaces/navigation_ws_humble2/install/explorer_map_utils:/workspaces/navigation_ws_humble2/install/explorer_bringup:/opt/ros/humble /usr/bin/cmake --install /workspaces/navigation_ws_humble2/build/turtlebot3_navigation2
[2.985s] -- Install configuration: ""
[2.986s] -- Execute custom install script
[2.986s] -- Symlinking: /workspaces/navigation_ws_humble2/install/turtlebot3_navigation2/share/turtlebot3_navigation2/launch/__pycache__/navigation2.launch.cpython-310.pyc
[2.996s] -- Symlinking: /workspaces/navigation_ws_humble2/install/turtlebot3_navigation2/share/turtlebot3_navigation2/launch/navigation2.launch.py
[3.061s] -- Symlinking: /workspaces/navigation_ws_humble2/install/turtlebot3_navigation2/share/turtlebot3_navigation2/map/map.pgm
[3.090s] -- Symlinking: /workspaces/navigation_ws_humble2/install/turtlebot3_navigation2/share/turtlebot3_navigation2/map/map.yaml
[3.096s] -- Symlinking: /workspaces/navigation_ws_humble2/install/turtlebot3_navigation2/share/turtlebot3_navigation2/param/burger.yaml
[3.115s] -- Symlinking: /workspaces/navigation_ws_humble2/install/turtlebot3_navigation2/share/turtlebot3_navigation2/param/waffle.yaml
[3.130s] -- Symlinking: /workspaces/navigation_ws_humble2/install/turtlebot3_navigation2/share/turtlebot3_navigation2/param/waffle_pi.yaml
[3.158s] -- Symlinking: /workspaces/navigation_ws_humble2/install/turtlebot3_navigation2/share/turtlebot3_navigation2/rviz/tb3_navigation2.rviz
[3.184s] -- Symlinking: /workspaces/navigation_ws_humble2/install/turtlebot3_navigation2/share/ament_index/resource_index/package_run_dependencies/turtlebot3_navigation2
[3.200s] -- Symlinking: /workspaces/navigation_ws_humble2/install/turtlebot3_navigation2/share/ament_index/resource_index/parent_prefix_path/turtlebot3_navigation2
[3.213s] -- Symlinking: /workspaces/navigation_ws_humble2/install/turtlebot3_navigation2/share/turtlebot3_navigation2/environment/ament_prefix_path.sh
[3.233s] -- Symlinking: /workspaces/navigation_ws_humble2/install/turtlebot3_navigation2/share/turtlebot3_navigation2/environment/ament_prefix_path.dsv
[3.247s] -- Symlinking: /workspaces/navigation_ws_humble2/install/turtlebot3_navigation2/share/turtlebot3_navigation2/environment/path.sh
[3.267s] -- Symlinking: /workspaces/navigation_ws_humble2/install/turtlebot3_navigation2/share/turtlebot3_navigation2/environment/path.dsv
[3.303s] -- Symlinking: /workspaces/navigation_ws_humble2/install/turtlebot3_navigation2/share/turtlebot3_navigation2/local_setup.bash
[3.337s] -- Symlinking: /workspaces/navigation_ws_humble2/install/turtlebot3_navigation2/share/turtlebot3_navigation2/local_setup.sh
[3.368s] -- Symlinking: /workspaces/navigation_ws_humble2/install/turtlebot3_navigation2/share/turtlebot3_navigation2/local_setup.zsh
[3.397s] -- Symlinking: /workspaces/navigation_ws_humble2/install/turtlebot3_navigation2/share/turtlebot3_navigation2/local_setup.dsv
[3.413s] -- Symlinking: /workspaces/navigation_ws_humble2/install/turtlebot3_navigation2/share/turtlebot3_navigation2/package.dsv
[3.440s] -- Symlinking: /workspaces/navigation_ws_humble2/install/turtlebot3_navigation2/share/ament_index/resource_index/packages/turtlebot3_navigation2
[3.472s] -- Symlinking: /workspaces/navigation_ws_humble2/install/turtlebot3_navigation2/share/turtlebot3_navigation2/cmake/turtlebot3_navigation2Config.cmake
[3.507s] -- Symlinking: /workspaces/navigation_ws_humble2/install/turtlebot3_navigation2/share/turtlebot3_navigation2/cmake/turtlebot3_navigation2Config-version.cmake
[3.543s] -- Symlinking: /workspaces/navigation_ws_humble2/install/turtlebot3_navigation2/share/turtlebot3_navigation2/package.xml
[3.568s] Invoked command in '/workspaces/navigation_ws_humble2/build/turtlebot3_navigation2' returned '0': CMAKE_PREFIX_PATH=${CMAKE_PREFIX_PATH}:/workspaces/navigation_ws_humble2/install/turtlebot3_teleop:/workspaces/navigation_ws_humble2/install/turtlebot3_example:/workspaces/navigation_ws_humble2/install/explorer_wanderer:/workspaces/navigation_ws_humble2/install/explorer_navigation2:/workspaces/navigation_ws_humble2/install/explorer_map_utils:/workspaces/navigation_ws_humble2/install/explorer_bringup:/opt/ros/humble /usr/bin/cmake --install /workspaces/navigation_ws_humble2/build/turtlebot3_navigation2
