[0.449s] Invoking command in '/workspaces/navigation_ws_humble2/build/turtlebot3_fake_node': CMAKE_PREFIX_PATH=${CMAKE_PREFIX_PATH}:/workspaces/navigation_ws_humble2/install/turtlebot3_teleop:/workspaces/navigation_ws_humble2/install/turtlebot3_example:/workspaces/navigation_ws_humble2/install/explorer_wanderer:/workspaces/navigation_ws_humble2/install/explorer_navigation2:/workspaces/navigation_ws_humble2/install/explorer_map_utils:/workspaces/navigation_ws_humble2/install/explorer_bringup:/opt/ros/humble /usr/bin/cmake /workspaces/navigation_ws_humble2/src/turtlebot3_simulations/turtlebot3_fake_node -DAMENT_CMAKE_SYMLINK_INSTALL=1 -DCMAKE_INSTALL_PREFIX=/workspaces/navigation_ws_humble2/install/turtlebot3_fake_node
[0.554s] -- The C compiler identification is GNU 11.4.0
[0.677s] -- The CXX compiler identification is GNU 11.4.0
[0.694s] -- Detecting C compiler ABI info
[0.796s] -- Detecting C compiler ABI info - done
[0.813s] -- Check for working C compiler: /usr/bin/cc - skipped
[0.813s] -- Detecting C compile features
[0.814s] -- Detecting C compile features - done
[0.819s] -- Detecting CXX compiler ABI info
[1.017s] -- Detecting CXX compiler ABI info - done
[1.055s] -- Check for working CXX compiler: /usr/bin/c++ - skipped
[1.055s] -- Detecting CXX compile features
[1.055s] -- Detecting CXX compile features - done
[1.058s] -- Found ament_cmake: 1.3.5 (/opt/ros/humble/share/ament_cmake/cmake)
[1.510s] -- Found Python3: /usr/bin/python3.10 (found version "3.10.12") found components: Interpreter 
[1.702s] -- Override CMake install command with custom implementation using symlinks instead of copying resources
[1.813s] -- Found geometry_msgs: 4.2.3 (/opt/ros/humble/share/geometry_msgs/cmake)
[1.947s] -- Found rosidl_generator_c: 3.1.5 (/opt/ros/humble/share/rosidl_generator_c/cmake)
[1.980s] -- Found rosidl_adapter: 3.1.5 (/opt/ros/humble/share/rosidl_adapter/cmake)
[2.030s] -- Found rosidl_generator_cpp: 3.1.5 (/opt/ros/humble/share/rosidl_generator_cpp/cmake)
[2.071s] -- Using all available rosidl_typesupport_c: rosidl_typesupport_fastrtps_c;rosidl_typesupport_introspection_c
[2.164s] -- Using all available rosidl_typesupport_cpp: rosidl_typesupport_fastrtps_cpp;rosidl_typesupport_introspection_cpp
[2.541s] -- Found nav_msgs: 4.2.3 (/opt/ros/humble/share/nav_msgs/cmake)
[2.732s] -- Found rclcpp: 16.0.5 (/opt/ros/humble/share/rclcpp/cmake)
[2.973s] -- Found rmw_implementation_cmake: 6.1.1 (/opt/ros/humble/share/rmw_implementation_cmake/cmake)
[2.990s] -- Found rmw_fastrtps_cpp: 6.2.3 (/opt/ros/humble/share/rmw_fastrtps_cpp/cmake)
[3.309s] -- Found OpenSSL: /usr/lib/x86_64-linux-gnu/libcrypto.so (found version "3.0.2")  
[3.421s] -- Found FastRTPS: /opt/ros/humble/include  
[3.553s] -- Using RMW implementation 'rmw_fastrtps_cpp' as default
[3.579s] -- Looking for pthread.h
[3.788s] -- Looking for pthread.h - found
[3.789s] -- Performing Test CMAKE_HAVE_LIBC_PTHREAD
[4.108s] -- Performing Test CMAKE_HAVE_LIBC_PTHREAD - Success
[4.117s] -- Found Threads: TRUE  
[4.559s] -- Found sensor_msgs: 4.2.3 (/opt/ros/humble/share/sensor_msgs/cmake)
[4.791s] -- Found tf2: 0.25.3 (/opt/ros/humble/share/tf2/cmake)
[4.836s] -- Found tf2_msgs: 0.25.3 (/opt/ros/humble/share/tf2_msgs/cmake)
[5.281s] -- Found turtlebot3_msgs: 2.2.3 (/opt/ros/humble/share/turtlebot3_msgs/cmake)
[5.796s] -- Configuring done
[5.847s] -- Generating done
[5.851s] -- Build files have been written to: /workspaces/navigation_ws_humble2/build/turtlebot3_fake_node
[5.887s] Invoked command in '/workspaces/navigation_ws_humble2/build/turtlebot3_fake_node' returned '0': CMAKE_PREFIX_PATH=${CMAKE_PREFIX_PATH}:/workspaces/navigation_ws_humble2/install/turtlebot3_teleop:/workspaces/navigation_ws_humble2/install/turtlebot3_example:/workspaces/navigation_ws_humble2/install/explorer_wanderer:/workspaces/navigation_ws_humble2/install/explorer_navigation2:/workspaces/navigation_ws_humble2/install/explorer_map_utils:/workspaces/navigation_ws_humble2/install/explorer_bringup:/opt/ros/humble /usr/bin/cmake /workspaces/navigation_ws_humble2/src/turtlebot3_simulations/turtlebot3_fake_node -DAMENT_CMAKE_SYMLINK_INSTALL=1 -DCMAKE_INSTALL_PREFIX=/workspaces/navigation_ws_humble2/install/turtlebot3_fake_node
[5.888s] Invoking command in '/workspaces/navigation_ws_humble2/build/turtlebot3_fake_node': CMAKE_PREFIX_PATH=${CMAKE_PREFIX_PATH}:/workspaces/navigation_ws_humble2/install/turtlebot3_teleop:/workspaces/navigation_ws_humble2/install/turtlebot3_example:/workspaces/navigation_ws_humble2/install/explorer_wanderer:/workspaces/navigation_ws_humble2/install/explorer_navigation2:/workspaces/navigation_ws_humble2/install/explorer_map_utils:/workspaces/navigation_ws_humble2/install/explorer_bringup:/opt/ros/humble /usr/bin/cmake --build /workspaces/navigation_ws_humble2/build/turtlebot3_fake_node -- -j8 -l8
[6.095s] [ 50%] [32mBuilding CXX object CMakeFiles/turtlebot3_fake_node.dir/src/turtlebot3_fake_node.cpp.o[0m
[43.072s] [100%] [32m[1mLinking CXX executable turtlebot3_fake_node[0m
[45.352s] [100%] Built target turtlebot3_fake_node
[45.379s] Invoked command in '/workspaces/navigation_ws_humble2/build/turtlebot3_fake_node' returned '0': CMAKE_PREFIX_PATH=${CMAKE_PREFIX_PATH}:/workspaces/navigation_ws_humble2/install/turtlebot3_teleop:/workspaces/navigation_ws_humble2/install/turtlebot3_example:/workspaces/navigation_ws_humble2/install/explorer_wanderer:/workspaces/navigation_ws_humble2/install/explorer_navigation2:/workspaces/navigation_ws_humble2/install/explorer_map_utils:/workspaces/navigation_ws_humble2/install/explorer_bringup:/opt/ros/humble /usr/bin/cmake --build /workspaces/navigation_ws_humble2/build/turtlebot3_fake_node -- -j8 -l8
[45.575s] Invoking command in '/workspaces/navigation_ws_humble2/build/turtlebot3_fake_node': CMAKE_PREFIX_PATH=${CMAKE_PREFIX_PATH}:/workspaces/navigation_ws_humble2/install/turtlebot3_teleop:/workspaces/navigation_ws_humble2/install/turtlebot3_example:/workspaces/navigation_ws_humble2/install/explorer_wanderer:/workspaces/navigation_ws_humble2/install/explorer_navigation2:/workspaces/navigation_ws_humble2/install/explorer_map_utils:/workspaces/navigation_ws_humble2/install/explorer_bringup:/opt/ros/humble /usr/bin/cmake --install /workspaces/navigation_ws_humble2/build/turtlebot3_fake_node
[45.599s] -- Install configuration: ""
[45.601s] -- Execute custom install script
[45.601s] -- Symlinking: /workspaces/navigation_ws_humble2/install/turtlebot3_fake_node/lib/turtlebot3_fake_node/turtlebot3_fake_node
[45.621s] -- Symlinking: /workspaces/navigation_ws_humble2/install/turtlebot3_fake_node/share/turtlebot3_fake_node/launch/rviz2.launch.py
[45.658s] -- Symlinking: /workspaces/navigation_ws_humble2/install/turtlebot3_fake_node/share/turtlebot3_fake_node/launch/turtlebot3_fake_node.launch.py
[45.702s] -- Symlinking: /workspaces/navigation_ws_humble2/install/turtlebot3_fake_node/share/turtlebot3_fake_node/param/burger.yaml
[45.744s] -- Symlinking: /workspaces/navigation_ws_humble2/install/turtlebot3_fake_node/share/turtlebot3_fake_node/param/waffle.yaml
[45.789s] -- Symlinking: /workspaces/navigation_ws_humble2/install/turtlebot3_fake_node/share/turtlebot3_fake_node/param/waffle_pi.yaml
[45.811s] -- Symlinking: /workspaces/navigation_ws_humble2/install/turtlebot3_fake_node/include//turtlebot3_fake_node/turtlebot3_fake_node.hpp
[45.835s] -- Symlinking: /workspaces/navigation_ws_humble2/install/turtlebot3_fake_node/share/ament_index/resource_index/package_run_dependencies/turtlebot3_fake_node
[45.875s] -- Symlinking: /workspaces/navigation_ws_humble2/install/turtlebot3_fake_node/share/ament_index/resource_index/parent_prefix_path/turtlebot3_fake_node
[45.910s] -- Symlinking: /workspaces/navigation_ws_humble2/install/turtlebot3_fake_node/share/turtlebot3_fake_node/environment/ament_prefix_path.sh
[45.941s] -- Symlinking: /workspaces/navigation_ws_humble2/install/turtlebot3_fake_node/share/turtlebot3_fake_node/environment/ament_prefix_path.dsv
[45.972s] -- Symlinking: /workspaces/navigation_ws_humble2/install/turtlebot3_fake_node/share/turtlebot3_fake_node/environment/path.sh
[45.991s] -- Symlinking: /workspaces/navigation_ws_humble2/install/turtlebot3_fake_node/share/turtlebot3_fake_node/environment/path.dsv
[46.016s] -- Symlinking: /workspaces/navigation_ws_humble2/install/turtlebot3_fake_node/share/turtlebot3_fake_node/local_setup.bash
[46.054s] -- Symlinking: /workspaces/navigation_ws_humble2/install/turtlebot3_fake_node/share/turtlebot3_fake_node/local_setup.sh
[46.069s] -- Symlinking: /workspaces/navigation_ws_humble2/install/turtlebot3_fake_node/share/turtlebot3_fake_node/local_setup.zsh
[46.086s] -- Symlinking: /workspaces/navigation_ws_humble2/install/turtlebot3_fake_node/share/turtlebot3_fake_node/local_setup.dsv
[46.105s] -- Symlinking: /workspaces/navigation_ws_humble2/install/turtlebot3_fake_node/share/turtlebot3_fake_node/package.dsv
[46.121s] -- Symlinking: /workspaces/navigation_ws_humble2/install/turtlebot3_fake_node/share/ament_index/resource_index/packages/turtlebot3_fake_node
[46.136s] -- Symlinking: /workspaces/navigation_ws_humble2/install/turtlebot3_fake_node/share/turtlebot3_fake_node/cmake/ament_cmake_export_include_directories-extras.cmake
[46.152s] -- Symlinking: /workspaces/navigation_ws_humble2/install/turtlebot3_fake_node/share/turtlebot3_fake_node/cmake/ament_cmake_export_dependencies-extras.cmake
[46.167s] -- Symlinking: /workspaces/navigation_ws_humble2/install/turtlebot3_fake_node/share/turtlebot3_fake_node/cmake/turtlebot3_fake_nodeConfig.cmake
[46.182s] -- Symlinking: /workspaces/navigation_ws_humble2/install/turtlebot3_fake_node/share/turtlebot3_fake_node/cmake/turtlebot3_fake_nodeConfig-version.cmake
[46.198s] -- Symlinking: /workspaces/navigation_ws_humble2/install/turtlebot3_fake_node/share/turtlebot3_fake_node/package.xml
[46.228s] Invoked command in '/workspaces/navigation_ws_humble2/build/turtlebot3_fake_node' returned '0': CMAKE_PREFIX_PATH=${CMAKE_PREFIX_PATH}:/workspaces/navigation_ws_humble2/install/turtlebot3_teleop:/workspaces/navigation_ws_humble2/install/turtlebot3_example:/workspaces/navigation_ws_humble2/install/explorer_wanderer:/workspaces/navigation_ws_humble2/install/explorer_navigation2:/workspaces/navigation_ws_humble2/install/explorer_map_utils:/workspaces/navigation_ws_humble2/install/explorer_bringup:/opt/ros/humble /usr/bin/cmake --install /workspaces/navigation_ws_humble2/build/turtlebot3_fake_node
