[0.045s] Invoking command in '/workspaces/navigation_ws_humble2/build/explorer_interfaces': CMAKE_PREFIX_PATH=${CMAKE_PREFIX_PATH}:/workspaces/navigation_ws_humble2/install/turtlebot3_teleop:/workspaces/navigation_ws_humble2/install/turtlebot3_example:/workspaces/navigation_ws_humble2/install/explorer_wanderer:/workspaces/navigation_ws_humble2/install/explorer_navigation2:/workspaces/navigation_ws_humble2/install/explorer_map_utils:/workspaces/navigation_ws_humble2/install/explorer_bringup:/opt/ros/humble /usr/bin/cmake /workspaces/navigation_ws_humble2/src/ros2_explorer/explorer_interfaces -DAMENT_CMAKE_SYMLINK_INSTALL=1 -DCMAKE_INSTALL_PREFIX=/workspaces/navigation_ws_humble2/install/explorer_interfaces
[0.250s] -- The C compiler identification is GNU 11.4.0
[0.432s] -- The CXX compiler identification is GNU 11.4.0
[0.459s] -- Detecting C compiler ABI info
[0.771s] -- Detecting C compiler ABI info - done
[0.811s] -- Check for working C compiler: /usr/bin/cc - skipped
[0.811s] -- Detecting C compile features
[0.812s] -- Detecting C compile features - done
[0.818s] -- Detecting CXX compiler ABI info
[1.145s] -- Detecting CXX compiler ABI info - done
[1.161s] -- Check for working CXX compiler: /usr/bin/c++ - skipped
[1.162s] -- Detecting CXX compile features
[1.163s] -- Detecting CXX compile features - done
[1.169s] -- Found ament_cmake: 1.3.5 (/opt/ros/humble/share/ament_cmake/cmake)
[2.000s] -- Found Python3: /usr/bin/python3.10 (found version "3.10.12") found components: Interpreter 
[2.244s] -- Override CMake install command with custom implementation using symlinks instead of copying resources
[2.380s] -- Found ament_lint_auto: 0.12.7 (/opt/ros/humble/share/ament_lint_auto/cmake)
[2.639s] -- Found rosidl_default_generators: 1.2.0 (/opt/ros/humble/share/rosidl_default_generators/cmake)
[2.664s] -- Using all available rosidl_typesupport_c: rosidl_typesupport_fastrtps_c;rosidl_typesupport_introspection_c
[2.693s] -- Found rosidl_adapter: 3.1.5 (/opt/ros/humble/share/rosidl_adapter/cmake)
[2.862s] -- Using all available rosidl_typesupport_cpp: rosidl_typesupport_fastrtps_cpp;rosidl_typesupport_introspection_cpp
[3.008s] -- Found geometry_msgs: 4.2.3 (/opt/ros/humble/share/geometry_msgs/cmake)
[3.484s] -- Found nav_msgs: 4.2.3 (/opt/ros/humble/share/nav_msgs/cmake)
[5.820s] -- Found ament_cmake_ros: 0.10.0 (/opt/ros/humble/share/ament_cmake_ros/cmake)
[6.747s] -- Using all available rosidl_typesupport_c: rosidl_typesupport_fastrtps_c;rosidl_typesupport_introspection_c
[7.932s] -- Using all available rosidl_typesupport_cpp: rosidl_typesupport_fastrtps_cpp;rosidl_typesupport_introspection_cpp
[8.050s] -- Found PythonInterp: /usr/bin/python3 (found suitable version "3.10.12", minimum required is "3.6") 
[8.058s] -- Found python_cmake_module: 0.10.0 (/opt/ros/humble/share/python_cmake_module/cmake)
[8.195s] -- Found PythonLibs: /usr/lib/x86_64-linux-gnu/libpython3.10.so (found suitable version "3.10.12", minimum required is "3.5") 
[8.197s] -- Using PYTHON_EXECUTABLE: /usr/bin/python3
[8.198s] -- Using PYTHON_INCLUDE_DIRS: /usr/include/python3.10
[8.198s] -- Using PYTHON_LIBRARIES: /usr/lib/x86_64-linux-gnu/libpython3.10.so
[8.353s] -- Found PythonExtra: .so  
[8.717s] -- Added test 'copyright' to check source files copyright and LICENSE
[8.718s] -- Added test 'lint_cmake' to check CMake code style
[8.718s] -- Added test 'xmllint' to check XML markup files
[8.793s] -- Configuring done
[9.147s] -- Generating done
[9.189s] -- Build files have been written to: /workspaces/navigation_ws_humble2/build/explorer_interfaces
[9.267s] Invoked command in '/workspaces/navigation_ws_humble2/build/explorer_interfaces' returned '0': CMAKE_PREFIX_PATH=${CMAKE_PREFIX_PATH}:/workspaces/navigation_ws_humble2/install/turtlebot3_teleop:/workspaces/navigation_ws_humble2/install/turtlebot3_example:/workspaces/navigation_ws_humble2/install/explorer_wanderer:/workspaces/navigation_ws_humble2/install/explorer_navigation2:/workspaces/navigation_ws_humble2/install/explorer_map_utils:/workspaces/navigation_ws_humble2/install/explorer_bringup:/opt/ros/humble /usr/bin/cmake /workspaces/navigation_ws_humble2/src/ros2_explorer/explorer_interfaces -DAMENT_CMAKE_SYMLINK_INSTALL=1 -DCMAKE_INSTALL_PREFIX=/workspaces/navigation_ws_humble2/install/explorer_interfaces
[9.269s] Invoking command in '/workspaces/navigation_ws_humble2/build/explorer_interfaces': CMAKE_PREFIX_PATH=${CMAKE_PREFIX_PATH}:/workspaces/navigation_ws_humble2/install/turtlebot3_teleop:/workspaces/navigation_ws_humble2/install/turtlebot3_example:/workspaces/navigation_ws_humble2/install/explorer_wanderer:/workspaces/navigation_ws_humble2/install/explorer_navigation2:/workspaces/navigation_ws_humble2/install/explorer_map_utils:/workspaces/navigation_ws_humble2/install/explorer_bringup:/opt/ros/humble /usr/bin/cmake --build /workspaces/navigation_ws_humble2/build/explorer_interfaces -- -j8 -l8
[9.697s] [  2%] [34m[1mGenerating C code for ROS interfaces[0m
[9.772s] [  5%] [34m[1mGenerating C++ code for ROS interfaces[0m
[9.803s] [  5%] Built target ament_cmake_python_symlink_explorer_interfaces
[11.917s] running egg_info
[11.918s] creating explorer_interfaces.egg-info
[11.925s] writing explorer_interfaces.egg-info/PKG-INFO
[11.926s] writing dependency_links to explorer_interfaces.egg-info/dependency_links.txt
[11.931s] writing top-level names to explorer_interfaces.egg-info/top_level.txt
[11.932s] writing manifest file 'explorer_interfaces.egg-info/SOURCES.txt'
[11.948s] reading manifest file 'explorer_interfaces.egg-info/SOURCES.txt'
[11.949s] writing manifest file 'explorer_interfaces.egg-info/SOURCES.txt'
[12.223s] [  5%] Built target ament_cmake_python_build_explorer_interfaces_egg
[15.193s] [  7%] [32mBuilding C object CMakeFiles/explorer_interfaces__rosidl_generator_c.dir/rosidl_generator_c/explorer_interfaces/action/detail/wander__functions.c.o[0m
[15.240s] [ 10%] [32mBuilding C object CMakeFiles/explorer_interfaces__rosidl_generator_c.dir/rosidl_generator_c/explorer_interfaces/action/detail/discover__functions.c.o[0m
[16.467s] [ 12%] [32m[1mLinking C shared library libexplorer_interfaces__rosidl_generator_c.so[0m
[16.596s] [ 12%] Built target explorer_interfaces__cpp
[16.747s] [ 12%] Built target explorer_interfaces__rosidl_generator_c
[16.827s] [ 15%] [34m[1mGenerating C++ introspection for ROS interfaces[0m
[19.416s] [ 17%] [32mBuilding CXX object CMakeFiles/explorer_interfaces__rosidl_typesupport_introspection_cpp.dir/rosidl_typesupport_introspection_cpp/explorer_interfaces/action/detail/wander__type_support.cpp.o[0m
[22.601s] [ 20%] [32mBuilding CXX object CMakeFiles/explorer_interfaces__rosidl_typesupport_introspection_cpp.dir/rosidl_typesupport_introspection_cpp/explorer_interfaces/action/detail/discover__type_support.cpp.o[0m
[24.798s] [ 23%] [32m[1mLinking CXX shared library libexplorer_interfaces__rosidl_typesupport_introspection_cpp.so[0m
[25.213s] [ 23%] Built target explorer_interfaces__rosidl_typesupport_introspection_cpp
[25.284s] [ 25%] [34m[1mGenerating C type support dispatch for ROS interfaces[0m
[26.585s] [ 28%] [32mBuilding CXX object CMakeFiles/explorer_interfaces__rosidl_typesupport_c.dir/rosidl_typesupport_c/explorer_interfaces/action/wander__type_support.cpp.o[0m
[26.824s] [ 30%] [32mBuilding CXX object CMakeFiles/explorer_interfaces__rosidl_typesupport_c.dir/rosidl_typesupport_c/explorer_interfaces/action/discover__type_support.cpp.o[0m
[26.966s] [ 33%] [32m[1mLinking CXX shared library libexplorer_interfaces__rosidl_typesupport_c.so[0m
[27.143s] [ 33%] Built target explorer_interfaces__rosidl_typesupport_c
[27.202s] [ 35%] [34m[1mGenerating C introspection for ROS interfaces[0m
[29.008s] [ 38%] [32mBuilding C object CMakeFiles/explorer_interfaces__rosidl_typesupport_introspection_c.dir/rosidl_typesupport_introspection_c/explorer_interfaces/action/detail/wander__type_support.c.o[0m
[29.255s] [ 41%] [32mBuilding C object CMakeFiles/explorer_interfaces__rosidl_typesupport_introspection_c.dir/rosidl_typesupport_introspection_c/explorer_interfaces/action/detail/discover__type_support.c.o[0m
[29.398s] [ 43%] [32m[1mLinking C shared library libexplorer_interfaces__rosidl_typesupport_introspection_c.so[0m
[29.546s] [ 43%] Built target explorer_interfaces__rosidl_typesupport_introspection_c
[29.617s] [ 46%] [34m[1mGenerating C type support for eProsima Fast-RTPS[0m
[31.718s] [ 48%] [32mBuilding CXX object CMakeFiles/explorer_interfaces__rosidl_typesupport_fastrtps_c.dir/rosidl_typesupport_fastrtps_c/explorer_interfaces/action/detail/wander__type_support_c.cpp.o[0m
[32.652s] [ 51%] [32mBuilding CXX object CMakeFiles/explorer_interfaces__rosidl_typesupport_fastrtps_c.dir/rosidl_typesupport_fastrtps_c/explorer_interfaces/action/detail/discover__type_support_c.cpp.o[0m
[33.603s] [ 53%] [32m[1mLinking CXX shared library libexplorer_interfaces__rosidl_typesupport_fastrtps_c.so[0m
[33.988s] [ 53%] Built target explorer_interfaces__rosidl_typesupport_fastrtps_c
[34.080s] [ 56%] [34m[1mGenerating C++ type support for eProsima Fast-RTPS[0m
[37.007s] [ 58%] [32mBuilding CXX object CMakeFiles/explorer_interfaces__rosidl_typesupport_fastrtps_cpp.dir/rosidl_typesupport_fastrtps_cpp/explorer_interfaces/action/detail/dds_fastrtps/wander__type_support.cpp.o[0m
[38.851s] [ 61%] [32mBuilding CXX object CMakeFiles/explorer_interfaces__rosidl_typesupport_fastrtps_cpp.dir/rosidl_typesupport_fastrtps_cpp/explorer_interfaces/action/detail/dds_fastrtps/discover__type_support.cpp.o[0m
[40.866s] [ 64%] [32m[1mLinking CXX shared library libexplorer_interfaces__rosidl_typesupport_fastrtps_cpp.so[0m
[41.142s] [ 64%] Built target explorer_interfaces__rosidl_typesupport_fastrtps_cpp
[41.161s] [ 66%] [34m[1mGenerating C++ type support dispatch for ROS interfaces[0m
[42.588s] [ 69%] [32mBuilding CXX object CMakeFiles/explorer_interfaces__rosidl_typesupport_cpp.dir/rosidl_typesupport_cpp/explorer_interfaces/action/wander__type_support.cpp.o[0m
[44.185s] [ 71%] [32mBuilding CXX object CMakeFiles/explorer_interfaces__rosidl_typesupport_cpp.dir/rosidl_typesupport_cpp/explorer_interfaces/action/discover__type_support.cpp.o[0m
[45.341s] [ 74%] [32m[1mLinking CXX shared library libexplorer_interfaces__rosidl_typesupport_cpp.so[0m
[45.446s] [ 74%] Built target explorer_interfaces__rosidl_typesupport_cpp
[45.540s] [ 74%] Built target explorer_interfaces
[45.591s] [ 76%] [34m[1mGenerating Python code for ROS interfaces[0m
[49.094s] [ 76%] Built target explorer_interfaces__py
[49.123s] [ 79%] [32mBuilding C object CMakeFiles/explorer_interfaces__rosidl_generator_py.dir/rosidl_generator_py/explorer_interfaces/action/_wander_s.c.o[0m
[49.366s] [ 82%] [32mBuilding C object CMakeFiles/explorer_interfaces__rosidl_generator_py.dir/rosidl_generator_py/explorer_interfaces/action/_discover_s.c.o[0m
[49.599s] [ 84%] [32m[1mLinking C shared library rosidl_generator_py/explorer_interfaces/libexplorer_interfaces__rosidl_generator_py.so[0m
[49.659s] [ 84%] Built target explorer_interfaces__rosidl_generator_py
[49.692s] [ 87%] [32mBuilding C object CMakeFiles/explorer_interfaces__rosidl_typesupport_fastrtps_c__pyext.dir/rosidl_generator_py/explorer_interfaces/_explorer_interfaces_s.ep.rosidl_typesupport_fastrtps_c.c.o[0m
[49.971s] [ 89%] [32m[1mLinking C shared library rosidl_generator_py/explorer_interfaces/explorer_interfaces_s__rosidl_typesupport_fastrtps_c.cpython-310-x86_64-linux-gnu.so[0m
[50.040s] [ 89%] Built target explorer_interfaces__rosidl_typesupport_fastrtps_c__pyext
[50.069s] [ 92%] [32mBuilding C object CMakeFiles/explorer_interfaces__rosidl_typesupport_c__pyext.dir/rosidl_generator_py/explorer_interfaces/_explorer_interfaces_s.ep.rosidl_typesupport_c.c.o[0m
[50.343s] [ 94%] [32m[1mLinking C shared library rosidl_generator_py/explorer_interfaces/explorer_interfaces_s__rosidl_typesupport_c.cpython-310-x86_64-linux-gnu.so[0m
[50.428s] [ 94%] Built target explorer_interfaces__rosidl_typesupport_c__pyext
[50.463s] [ 97%] [32mBuilding C object CMakeFiles/explorer_interfaces__rosidl_typesupport_introspection_c__pyext.dir/rosidl_generator_py/explorer_interfaces/_explorer_interfaces_s.ep.rosidl_typesupport_introspection_c.c.o[0m
[50.771s] [100%] [32m[1mLinking C shared library rosidl_generator_py/explorer_interfaces/explorer_interfaces_s__rosidl_typesupport_introspection_c.cpython-310-x86_64-linux-gnu.so[0m
[50.844s] [100%] Built target explorer_interfaces__rosidl_typesupport_introspection_c__pyext
[50.860s] Invoked command in '/workspaces/navigation_ws_humble2/build/explorer_interfaces' returned '0': CMAKE_PREFIX_PATH=${CMAKE_PREFIX_PATH}:/workspaces/navigation_ws_humble2/install/turtlebot3_teleop:/workspaces/navigation_ws_humble2/install/turtlebot3_example:/workspaces/navigation_ws_humble2/install/explorer_wanderer:/workspaces/navigation_ws_humble2/install/explorer_navigation2:/workspaces/navigation_ws_humble2/install/explorer_map_utils:/workspaces/navigation_ws_humble2/install/explorer_bringup:/opt/ros/humble /usr/bin/cmake --build /workspaces/navigation_ws_humble2/build/explorer_interfaces -- -j8 -l8
[51.003s] Invoking command in '/workspaces/navigation_ws_humble2/build/explorer_interfaces': CMAKE_PREFIX_PATH=${CMAKE_PREFIX_PATH}:/workspaces/navigation_ws_humble2/install/turtlebot3_teleop:/workspaces/navigation_ws_humble2/install/turtlebot3_example:/workspaces/navigation_ws_humble2/install/explorer_wanderer:/workspaces/navigation_ws_humble2/install/explorer_navigation2:/workspaces/navigation_ws_humble2/install/explorer_map_utils:/workspaces/navigation_ws_humble2/install/explorer_bringup:/opt/ros/humble /usr/bin/cmake --install /workspaces/navigation_ws_humble2/build/explorer_interfaces
[51.019s] -- Install configuration: ""
[51.020s] -- Execute custom install script
[51.021s] -- Symlinking: /workspaces/navigation_ws_humble2/install/explorer_interfaces/share/ament_index/resource_index/rosidl_interfaces/explorer_interfaces
[51.048s] -- Symlinking: /workspaces/navigation_ws_humble2/install/explorer_interfaces/include/explorer_interfaces/explorer_interfaces/action/detail/discover__functions.h
[51.062s] -- Symlinking: /workspaces/navigation_ws_humble2/install/explorer_interfaces/include/explorer_interfaces/explorer_interfaces/action/detail/discover__struct.h
[51.077s] -- Symlinking: /workspaces/navigation_ws_humble2/install/explorer_interfaces/include/explorer_interfaces/explorer_interfaces/action/detail/discover__type_support.h
[51.094s] -- Symlinking: /workspaces/navigation_ws_humble2/install/explorer_interfaces/include/explorer_interfaces/explorer_interfaces/action/detail/wander__functions.h
[51.110s] -- Symlinking: /workspaces/navigation_ws_humble2/install/explorer_interfaces/include/explorer_interfaces/explorer_interfaces/action/detail/wander__struct.h
[51.127s] -- Symlinking: /workspaces/navigation_ws_humble2/install/explorer_interfaces/include/explorer_interfaces/explorer_interfaces/action/detail/wander__type_support.h
[51.146s] -- Symlinking: /workspaces/navigation_ws_humble2/install/explorer_interfaces/include/explorer_interfaces/explorer_interfaces/action/discover.h
[51.162s] -- Symlinking: /workspaces/navigation_ws_humble2/install/explorer_interfaces/include/explorer_interfaces/explorer_interfaces/action/wander.h
[51.178s] -- Symlinking: /workspaces/navigation_ws_humble2/install/explorer_interfaces/include/explorer_interfaces/explorer_interfaces/msg/rosidl_generator_c__visibility_control.h
[51.194s] -- Symlinking: /workspaces/navigation_ws_humble2/install/explorer_interfaces/share/explorer_interfaces/environment/library_path.sh
[51.215s] -- Symlinking: /workspaces/navigation_ws_humble2/install/explorer_interfaces/share/explorer_interfaces/environment/library_path.dsv
[51.232s] -- Symlinking: /workspaces/navigation_ws_humble2/install/explorer_interfaces/include/explorer_interfaces/explorer_interfaces/action/detail/discover__rosidl_typesupport_fastrtps_c.h
[51.246s] -- Symlinking: /workspaces/navigation_ws_humble2/install/explorer_interfaces/include/explorer_interfaces/explorer_interfaces/action/detail/wander__rosidl_typesupport_fastrtps_c.h
[51.260s] -- Symlinking: /workspaces/navigation_ws_humble2/install/explorer_interfaces/include/explorer_interfaces/explorer_interfaces/msg/rosidl_typesupport_fastrtps_c__visibility_control.h
[51.271s] -- Symlinking: /workspaces/navigation_ws_humble2/install/explorer_interfaces/include/explorer_interfaces/explorer_interfaces/action/detail/discover__rosidl_typesupport_introspection_c.h
[51.286s] -- Symlinking: /workspaces/navigation_ws_humble2/install/explorer_interfaces/include/explorer_interfaces/explorer_interfaces/action/detail/wander__rosidl_typesupport_introspection_c.h
[51.301s] -- Symlinking: /workspaces/navigation_ws_humble2/install/explorer_interfaces/include/explorer_interfaces/explorer_interfaces/msg/rosidl_typesupport_introspection_c__visibility_control.h
[51.313s] -- Symlinking: /workspaces/navigation_ws_humble2/install/explorer_interfaces/include/explorer_interfaces/explorer_interfaces/action/detail/discover__builder.hpp
[51.327s] -- Symlinking: /workspaces/navigation_ws_humble2/install/explorer_interfaces/include/explorer_interfaces/explorer_interfaces/action/detail/discover__struct.hpp
[51.340s] -- Symlinking: /workspaces/navigation_ws_humble2/install/explorer_interfaces/include/explorer_interfaces/explorer_interfaces/action/detail/discover__traits.hpp
[51.352s] -- Symlinking: /workspaces/navigation_ws_humble2/install/explorer_interfaces/include/explorer_interfaces/explorer_interfaces/action/detail/wander__builder.hpp
[51.363s] -- Symlinking: /workspaces/navigation_ws_humble2/install/explorer_interfaces/include/explorer_interfaces/explorer_interfaces/action/detail/wander__struct.hpp
[51.375s] -- Symlinking: /workspaces/navigation_ws_humble2/install/explorer_interfaces/include/explorer_interfaces/explorer_interfaces/action/detail/wander__traits.hpp
[51.387s] -- Symlinking: /workspaces/navigation_ws_humble2/install/explorer_interfaces/include/explorer_interfaces/explorer_interfaces/action/discover.hpp
[51.400s] -- Symlinking: /workspaces/navigation_ws_humble2/install/explorer_interfaces/include/explorer_interfaces/explorer_interfaces/action/wander.hpp
[51.417s] -- Symlinking: /workspaces/navigation_ws_humble2/install/explorer_interfaces/include/explorer_interfaces/explorer_interfaces/action/detail/discover__rosidl_typesupport_fastrtps_cpp.hpp
[51.434s] -- Symlinking: /workspaces/navigation_ws_humble2/install/explorer_interfaces/include/explorer_interfaces/explorer_interfaces/action/detail/wander__rosidl_typesupport_fastrtps_cpp.hpp
[51.444s] -- Symlinking: /workspaces/navigation_ws_humble2/install/explorer_interfaces/include/explorer_interfaces/explorer_interfaces/msg/rosidl_typesupport_fastrtps_cpp__visibility_control.h
[51.458s] -- Symlinking: /workspaces/navigation_ws_humble2/install/explorer_interfaces/include/explorer_interfaces/explorer_interfaces/action/detail/discover__rosidl_typesupport_introspection_cpp.hpp
[51.470s] -- Symlinking: /workspaces/navigation_ws_humble2/install/explorer_interfaces/include/explorer_interfaces/explorer_interfaces/action/detail/wander__rosidl_typesupport_introspection_cpp.hpp
[51.484s] -- Symlinking: /workspaces/navigation_ws_humble2/install/explorer_interfaces/share/explorer_interfaces/environment/pythonpath.sh
[51.495s] -- Symlinking: /workspaces/navigation_ws_humble2/install/explorer_interfaces/share/explorer_interfaces/environment/pythonpath.dsv
[51.506s] -- Symlinking: /workspaces/navigation_ws_humble2/install/explorer_interfaces/local/lib/python3.10/dist-packages/explorer_interfaces-0.0.0-py3.10.egg-info/PKG-INFO
[51.522s] -- Symlinking: /workspaces/navigation_ws_humble2/install/explorer_interfaces/local/lib/python3.10/dist-packages/explorer_interfaces-0.0.0-py3.10.egg-info/SOURCES.txt
[51.537s] -- Symlinking: /workspaces/navigation_ws_humble2/install/explorer_interfaces/local/lib/python3.10/dist-packages/explorer_interfaces-0.0.0-py3.10.egg-info/dependency_links.txt
[51.550s] -- Symlinking: /workspaces/navigation_ws_humble2/install/explorer_interfaces/local/lib/python3.10/dist-packages/explorer_interfaces-0.0.0-py3.10.egg-info/top_level.txt
[51.568s] -- Symlinking: /workspaces/navigation_ws_humble2/install/explorer_interfaces/local/lib/python3.10/dist-packages/explorer_interfaces/__init__.py
[51.584s] -- Symlinking: /workspaces/navigation_ws_humble2/install/explorer_interfaces/local/lib/python3.10/dist-packages/explorer_interfaces/_explorer_interfaces_s.ep.rosidl_typesupport_c.c
[51.597s] -- Symlinking: /workspaces/navigation_ws_humble2/install/explorer_interfaces/local/lib/python3.10/dist-packages/explorer_interfaces/_explorer_interfaces_s.ep.rosidl_typesupport_fastrtps_c.c
[51.610s] -- Symlinking: /workspaces/navigation_ws_humble2/install/explorer_interfaces/local/lib/python3.10/dist-packages/explorer_interfaces/_explorer_interfaces_s.ep.rosidl_typesupport_introspection_c.c
[51.626s] -- Symlinking: /workspaces/navigation_ws_humble2/install/explorer_interfaces/local/lib/python3.10/dist-packages/explorer_interfaces/action/__init__.py
[51.637s] -- Symlinking: /workspaces/navigation_ws_humble2/install/explorer_interfaces/local/lib/python3.10/dist-packages/explorer_interfaces/action/_discover.py
[51.647s] -- Symlinking: /workspaces/navigation_ws_humble2/install/explorer_interfaces/local/lib/python3.10/dist-packages/explorer_interfaces/action/_discover_s.c
[51.659s] -- Symlinking: /workspaces/navigation_ws_humble2/install/explorer_interfaces/local/lib/python3.10/dist-packages/explorer_interfaces/action/_wander.py
[51.671s] -- Symlinking: /workspaces/navigation_ws_humble2/install/explorer_interfaces/local/lib/python3.10/dist-packages/explorer_interfaces/action/_wander_s.c
[51.683s] -- Symlinking: /workspaces/navigation_ws_humble2/install/explorer_interfaces/local/lib/python3.10/dist-packages/explorer_interfaces/explorer_interfaces_s__rosidl_typesupport_c.cpython-310-x86_64-linux-gnu.so
[51.696s] -- Symlinking: /workspaces/navigation_ws_humble2/install/explorer_interfaces/local/lib/python3.10/dist-packages/explorer_interfaces/explorer_interfaces_s__rosidl_typesupport_fastrtps_c.cpython-310-x86_64-linux-gnu.so
[51.709s] -- Symlinking: /workspaces/navigation_ws_humble2/install/explorer_interfaces/local/lib/python3.10/dist-packages/explorer_interfaces/explorer_interfaces_s__rosidl_typesupport_introspection_c.cpython-310-x86_64-linux-gnu.so
[51.722s] -- Symlinking: /workspaces/navigation_ws_humble2/install/explorer_interfaces/local/lib/python3.10/dist-packages/explorer_interfaces/libexplorer_interfaces__rosidl_generator_py.so
[51.736s] -- Up-to-date symlink: /workspaces/navigation_ws_humble2/install/explorer_interfaces/local/lib/python3.10/dist-packages/explorer_interfaces/explorer_interfaces_s__rosidl_typesupport_fastrtps_c.cpython-310-x86_64-linux-gnu.so
[51.736s] -- Up-to-date symlink: /workspaces/navigation_ws_humble2/install/explorer_interfaces/local/lib/python3.10/dist-packages/explorer_interfaces/explorer_interfaces_s__rosidl_typesupport_introspection_c.cpython-310-x86_64-linux-gnu.so
[51.737s] -- Up-to-date symlink: /workspaces/navigation_ws_humble2/install/explorer_interfaces/local/lib/python3.10/dist-packages/explorer_interfaces/explorer_interfaces_s__rosidl_typesupport_c.cpython-310-x86_64-linux-gnu.so
[51.738s] -- Symlinking: /workspaces/navigation_ws_humble2/install/explorer_interfaces/share/explorer_interfaces/action/Wander.idl
[51.751s] -- Symlinking: /workspaces/navigation_ws_humble2/install/explorer_interfaces/share/explorer_interfaces/action/Discover.idl
[51.766s] -- Symlinking: /workspaces/navigation_ws_humble2/install/explorer_interfaces/share/explorer_interfaces/action/Wander.action
[51.777s] -- Symlinking: /workspaces/navigation_ws_humble2/install/explorer_interfaces/share/explorer_interfaces/action/Discover.action
[51.792s] -- Symlinking: /workspaces/navigation_ws_humble2/install/explorer_interfaces/share/ament_index/resource_index/package_run_dependencies/explorer_interfaces
[51.808s] -- Symlinking: /workspaces/navigation_ws_humble2/install/explorer_interfaces/share/ament_index/resource_index/parent_prefix_path/explorer_interfaces
[51.831s] -- Symlinking: /workspaces/navigation_ws_humble2/install/explorer_interfaces/share/explorer_interfaces/environment/ament_prefix_path.sh
[51.844s] -- Symlinking: /workspaces/navigation_ws_humble2/install/explorer_interfaces/share/explorer_interfaces/environment/ament_prefix_path.dsv
[51.858s] -- Symlinking: /workspaces/navigation_ws_humble2/install/explorer_interfaces/share/explorer_interfaces/environment/path.sh
[51.872s] -- Symlinking: /workspaces/navigation_ws_humble2/install/explorer_interfaces/share/explorer_interfaces/environment/path.dsv
[51.887s] -- Symlinking: /workspaces/navigation_ws_humble2/install/explorer_interfaces/share/explorer_interfaces/local_setup.bash
[51.900s] -- Symlinking: /workspaces/navigation_ws_humble2/install/explorer_interfaces/share/explorer_interfaces/local_setup.sh
[51.912s] -- Symlinking: /workspaces/navigation_ws_humble2/install/explorer_interfaces/share/explorer_interfaces/local_setup.zsh
[51.926s] -- Symlinking: /workspaces/navigation_ws_humble2/install/explorer_interfaces/share/explorer_interfaces/local_setup.dsv
[51.940s] -- Symlinking: /workspaces/navigation_ws_humble2/install/explorer_interfaces/share/explorer_interfaces/package.dsv
[51.956s] -- Symlinking: /workspaces/navigation_ws_humble2/install/explorer_interfaces/share/ament_index/resource_index/packages/explorer_interfaces
[51.968s] -- Symlinking: /workspaces/navigation_ws_humble2/install/explorer_interfaces/share/explorer_interfaces/cmake/rosidl_cmake-extras.cmake
[51.979s] -- Symlinking: /workspaces/navigation_ws_humble2/install/explorer_interfaces/share/explorer_interfaces/cmake/ament_cmake_export_dependencies-extras.cmake
[51.994s] -- Symlinking: /workspaces/navigation_ws_humble2/install/explorer_interfaces/share/explorer_interfaces/cmake/ament_cmake_export_include_directories-extras.cmake
[52.009s] -- Symlinking: /workspaces/navigation_ws_humble2/install/explorer_interfaces/share/explorer_interfaces/cmake/ament_cmake_export_libraries-extras.cmake
[52.023s] -- Symlinking: /workspaces/navigation_ws_humble2/install/explorer_interfaces/share/explorer_interfaces/cmake/ament_cmake_export_targets-extras.cmake
[52.034s] -- Symlinking: /workspaces/navigation_ws_humble2/install/explorer_interfaces/share/explorer_interfaces/cmake/rosidl_cmake_export_typesupport_targets-extras.cmake
[52.045s] -- Symlinking: /workspaces/navigation_ws_humble2/install/explorer_interfaces/share/explorer_interfaces/cmake/rosidl_cmake_export_typesupport_libraries-extras.cmake
[52.061s] -- Symlinking: /workspaces/navigation_ws_humble2/install/explorer_interfaces/share/explorer_interfaces/cmake/explorer_interfacesConfig.cmake
[52.074s] -- Symlinking: /workspaces/navigation_ws_humble2/install/explorer_interfaces/share/explorer_interfaces/cmake/explorer_interfacesConfig-version.cmake
[52.121s] -- Symlinking: /workspaces/navigation_ws_humble2/install/explorer_interfaces/share/explorer_interfaces/package.xml
[52.136s] -- Installing: /workspaces/navigation_ws_humble2/install/explorer_interfaces/lib/libexplorer_interfaces__rosidl_generator_c.so
[52.138s] -- Set runtime path of "/workspaces/navigation_ws_humble2/install/explorer_interfaces/lib/libexplorer_interfaces__rosidl_generator_c.so" to ""
[52.138s] -- Installing: /workspaces/navigation_ws_humble2/install/explorer_interfaces/lib/libexplorer_interfaces__rosidl_typesupport_fastrtps_c.so
[52.139s] -- Set runtime path of "/workspaces/navigation_ws_humble2/install/explorer_interfaces/lib/libexplorer_interfaces__rosidl_typesupport_fastrtps_c.so" to ""
[52.139s] -- Installing: /workspaces/navigation_ws_humble2/install/explorer_interfaces/lib/libexplorer_interfaces__rosidl_typesupport_introspection_c.so
[52.141s] -- Set runtime path of "/workspaces/navigation_ws_humble2/install/explorer_interfaces/lib/libexplorer_interfaces__rosidl_typesupport_introspection_c.so" to ""
[52.141s] -- Installing: /workspaces/navigation_ws_humble2/install/explorer_interfaces/lib/libexplorer_interfaces__rosidl_typesupport_c.so
[52.141s] -- Set runtime path of "/workspaces/navigation_ws_humble2/install/explorer_interfaces/lib/libexplorer_interfaces__rosidl_typesupport_c.so" to ""
[52.142s] -- Installing: /workspaces/navigation_ws_humble2/install/explorer_interfaces/lib/libexplorer_interfaces__rosidl_typesupport_fastrtps_cpp.so
[52.142s] -- Set runtime path of "/workspaces/navigation_ws_humble2/install/explorer_interfaces/lib/libexplorer_interfaces__rosidl_typesupport_fastrtps_cpp.so" to ""
[52.142s] -- Installing: /workspaces/navigation_ws_humble2/install/explorer_interfaces/lib/libexplorer_interfaces__rosidl_typesupport_introspection_cpp.so
[52.143s] -- Set runtime path of "/workspaces/navigation_ws_humble2/install/explorer_interfaces/lib/libexplorer_interfaces__rosidl_typesupport_introspection_cpp.so" to ""
[52.143s] -- Installing: /workspaces/navigation_ws_humble2/install/explorer_interfaces/lib/libexplorer_interfaces__rosidl_typesupport_cpp.so
[52.144s] -- Set runtime path of "/workspaces/navigation_ws_humble2/install/explorer_interfaces/lib/libexplorer_interfaces__rosidl_typesupport_cpp.so" to ""
[52.233s] Listing '/workspaces/navigation_ws_humble2/install/explorer_interfaces/local/lib/python3.10/dist-packages/explorer_interfaces'...
[52.234s] Compiling '/workspaces/navigation_ws_humble2/install/explorer_interfaces/local/lib/python3.10/dist-packages/explorer_interfaces/__init__.py'...
[52.234s] Listing '/workspaces/navigation_ws_humble2/install/explorer_interfaces/local/lib/python3.10/dist-packages/explorer_interfaces/action'...
[52.234s] Compiling '/workspaces/navigation_ws_humble2/install/explorer_interfaces/local/lib/python3.10/dist-packages/explorer_interfaces/action/__init__.py'...
[52.234s] Compiling '/workspaces/navigation_ws_humble2/install/explorer_interfaces/local/lib/python3.10/dist-packages/explorer_interfaces/action/_discover.py'...
[52.234s] Compiling '/workspaces/navigation_ws_humble2/install/explorer_interfaces/local/lib/python3.10/dist-packages/explorer_interfaces/action/_wander.py'...
[52.243s] -- Installing: /workspaces/navigation_ws_humble2/install/explorer_interfaces/lib/libexplorer_interfaces__rosidl_generator_py.so
[52.245s] -- Set runtime path of "/workspaces/navigation_ws_humble2/install/explorer_interfaces/lib/libexplorer_interfaces__rosidl_generator_py.so" to ""
[52.245s] -- Installing: /workspaces/navigation_ws_humble2/install/explorer_interfaces/share/explorer_interfaces/cmake/export_explorer_interfaces__rosidl_generator_cExport.cmake
[52.247s] -- Installing: /workspaces/navigation_ws_humble2/install/explorer_interfaces/share/explorer_interfaces/cmake/export_explorer_interfaces__rosidl_generator_cExport-noconfig.cmake
[52.247s] -- Installing: /workspaces/navigation_ws_humble2/install/explorer_interfaces/share/explorer_interfaces/cmake/export_explorer_interfaces__rosidl_typesupport_fastrtps_cExport.cmake
[52.250s] -- Installing: /workspaces/navigation_ws_humble2/install/explorer_interfaces/share/explorer_interfaces/cmake/export_explorer_interfaces__rosidl_typesupport_fastrtps_cExport-noconfig.cmake
[52.251s] -- Installing: /workspaces/navigation_ws_humble2/install/explorer_interfaces/share/explorer_interfaces/cmake/explorer_interfaces__rosidl_typesupport_introspection_cExport.cmake
[52.251s] -- Installing: /workspaces/navigation_ws_humble2/install/explorer_interfaces/share/explorer_interfaces/cmake/explorer_interfaces__rosidl_typesupport_introspection_cExport-noconfig.cmake
[52.251s] -- Installing: /workspaces/navigation_ws_humble2/install/explorer_interfaces/share/explorer_interfaces/cmake/explorer_interfaces__rosidl_typesupport_cExport.cmake
[52.252s] -- Installing: /workspaces/navigation_ws_humble2/install/explorer_interfaces/share/explorer_interfaces/cmake/explorer_interfaces__rosidl_typesupport_cExport-noconfig.cmake
[52.252s] -- Installing: /workspaces/navigation_ws_humble2/install/explorer_interfaces/share/explorer_interfaces/cmake/export_explorer_interfaces__rosidl_generator_cppExport.cmake
[52.252s] -- Installing: /workspaces/navigation_ws_humble2/install/explorer_interfaces/share/explorer_interfaces/cmake/export_explorer_interfaces__rosidl_typesupport_fastrtps_cppExport.cmake
[52.252s] -- Installing: /workspaces/navigation_ws_humble2/install/explorer_interfaces/share/explorer_interfaces/cmake/export_explorer_interfaces__rosidl_typesupport_fastrtps_cppExport-noconfig.cmake
[52.252s] -- Installing: /workspaces/navigation_ws_humble2/install/explorer_interfaces/share/explorer_interfaces/cmake/explorer_interfaces__rosidl_typesupport_introspection_cppExport.cmake
[52.253s] -- Installing: /workspaces/navigation_ws_humble2/install/explorer_interfaces/share/explorer_interfaces/cmake/explorer_interfaces__rosidl_typesupport_introspection_cppExport-noconfig.cmake
[52.253s] -- Installing: /workspaces/navigation_ws_humble2/install/explorer_interfaces/share/explorer_interfaces/cmake/explorer_interfaces__rosidl_typesupport_cppExport.cmake
[52.254s] -- Installing: /workspaces/navigation_ws_humble2/install/explorer_interfaces/share/explorer_interfaces/cmake/explorer_interfaces__rosidl_typesupport_cppExport-noconfig.cmake
[52.254s] -- Installing: /workspaces/navigation_ws_humble2/install/explorer_interfaces/share/explorer_interfaces/cmake/export_explorer_interfaces__rosidl_generator_pyExport.cmake
[52.255s] -- Installing: /workspaces/navigation_ws_humble2/install/explorer_interfaces/share/explorer_interfaces/cmake/export_explorer_interfaces__rosidl_generator_pyExport-noconfig.cmake
[52.262s] Invoked command in '/workspaces/navigation_ws_humble2/build/explorer_interfaces' returned '0': CMAKE_PREFIX_PATH=${CMAKE_PREFIX_PATH}:/workspaces/navigation_ws_humble2/install/turtlebot3_teleop:/workspaces/navigation_ws_humble2/install/turtlebot3_example:/workspaces/navigation_ws_humble2/install/explorer_wanderer:/workspaces/navigation_ws_humble2/install/explorer_navigation2:/workspaces/navigation_ws_humble2/install/explorer_map_utils:/workspaces/navigation_ws_humble2/install/explorer_bringup:/opt/ros/humble /usr/bin/cmake --install /workspaces/navigation_ws_humble2/build/explorer_interfaces
