-- The C compiler identification is GNU 11.4.0
-- The CXX compiler identification is GNU 11.4.0
-- Detecting C compiler ABI info
-- Detecting C compiler ABI info - done
-- Check for working C compiler: /usr/bin/cc - skipped
-- Detecting C compile features
-- Detecting C compile features - done
-- Detecting CXX compiler ABI info
-- Detecting CXX compiler ABI info - done
-- Check for working CXX compiler: /usr/bin/c++ - skipped
-- Detecting CXX compile features
-- Detecting CXX compile features - done
-- Found ament_cmake: 1.3.5 (/opt/ros/humble/share/ament_cmake/cmake)
-- Found Python3: /usr/bin/python3.10 (found version "3.10.12") found components: Interpreter 
-- Override CMake install command with custom implementation using symlinks instead of copying resources
-- Configuring done
-- Generating done
-- Build files have been written to: /workspaces/navigation_ws_humble2/build/explorer_cartographer
-- Install configuration: ""
-- Execute custom install script
-- Symlinking: /workspaces/navigation_ws_humble2/install/explorer_cartographer/share/explorer_cartographer/config/turtlebot3_lds_2d.lua
-- Symlinking: /workspaces/navigation_ws_humble2/install/explorer_cartographer/share/explorer_cartographer/launch/cartographer.launch.py
-- Symlinking: /workspaces/navigation_ws_humble2/install/explorer_cartographer/share/explorer_cartographer/launch/occupancy_grid.launch.py
-- Symlinking: /workspaces/navigation_ws_humble2/install/explorer_cartographer/share/explorer_cartographer/rviz/tb3_cartographer.rviz
-- Symlinking: /workspaces/navigation_ws_humble2/install/explorer_cartographer/share/ament_index/resource_index/package_run_dependencies/explorer_cartographer
-- Symlinking: /workspaces/navigation_ws_humble2/install/explorer_cartographer/share/ament_index/resource_index/parent_prefix_path/explorer_cartographer
-- Symlinking: /workspaces/navigation_ws_humble2/install/explorer_cartographer/share/explorer_cartographer/environment/ament_prefix_path.sh
-- Symlinking: /workspaces/navigation_ws_humble2/install/explorer_cartographer/share/explorer_cartographer/environment/ament_prefix_path.dsv
-- Symlinking: /workspaces/navigation_ws_humble2/install/explorer_cartographer/share/explorer_cartographer/environment/path.sh
-- Symlinking: /workspaces/navigation_ws_humble2/install/explorer_cartographer/share/explorer_cartographer/environment/path.dsv
-- Symlinking: /workspaces/navigation_ws_humble2/install/explorer_cartographer/share/explorer_cartographer/local_setup.bash
-- Symlinking: /workspaces/navigation_ws_humble2/install/explorer_cartographer/share/explorer_cartographer/local_setup.sh
-- Symlinking: /workspaces/navigation_ws_humble2/install/explorer_cartographer/share/explorer_cartographer/local_setup.zsh
-- Symlinking: /workspaces/navigation_ws_humble2/install/explorer_cartographer/share/explorer_cartographer/local_setup.dsv
-- Symlinking: /workspaces/navigation_ws_humble2/install/explorer_cartographer/share/explorer_cartographer/package.dsv
-- Symlinking: /workspaces/navigation_ws_humble2/install/explorer_cartographer/share/ament_index/resource_index/packages/explorer_cartographer
-- Symlinking: /workspaces/navigation_ws_humble2/install/explorer_cartographer/share/explorer_cartographer/cmake/explorer_cartographerConfig.cmake
-- Symlinking: /workspaces/navigation_ws_humble2/install/explorer_cartographer/share/explorer_cartographer/cmake/explorer_cartographerConfig-version.cmake
-- Symlinking: /workspaces/navigation_ws_humble2/install/explorer_cartographer/share/explorer_cartographer/package.xml
