[0.111s] Invoking command in '/workspaces/navigation_ws_humble2/build/explorer_cartographer': CMAKE_PREFIX_PATH=${CMAKE_PREFIX_PATH}:/workspaces/navigation_ws_humble2/install/turtlebot3_teleop:/workspaces/navigation_ws_humble2/install/turtlebot3_example:/workspaces/navigation_ws_humble2/install/explorer_wanderer:/workspaces/navigation_ws_humble2/install/explorer_navigation2:/workspaces/navigation_ws_humble2/install/explorer_map_utils:/workspaces/navigation_ws_humble2/install/explorer_bringup:/opt/ros/humble /usr/bin/cmake /workspaces/navigation_ws_humble2/src/ros2_explorer/explorer_cartographer -DAMENT_CMAKE_SYMLINK_INSTALL=1 -DCMAKE_INSTALL_PREFIX=/workspaces/navigation_ws_humble2/install/explorer_cartographer
[0.319s] -- The C compiler identification is GNU 11.4.0
[0.497s] -- The CXX compiler identification is GNU 11.4.0
[0.516s] -- Detecting C compiler ABI info
[0.786s] -- Detecting C compiler ABI info - done
[0.809s] -- Check for working C compiler: /usr/bin/cc - skipped
[0.810s] -- Detecting C compile features
[0.810s] -- Detecting C compile features - done
[0.822s] -- Detecting CXX compiler ABI info
[1.112s] -- Detecting CXX compiler ABI info - done
[1.147s] -- Check for working CXX compiler: /usr/bin/c++ - skipped
[1.148s] -- Detecting CXX compile features
[1.149s] -- Detecting CXX compile features - done
[1.174s] -- Found ament_cmake: 1.3.5 (/opt/ros/humble/share/ament_cmake/cmake)
[1.847s] -- Found Python3: /usr/bin/python3.10 (found version "3.10.12") found components: Interpreter 
[2.152s] -- Override CMake install command with custom implementation using symlinks instead of copying resources
[2.529s] -- Configuring done
[2.541s] -- Generating done
[2.561s] -- Build files have been written to: /workspaces/navigation_ws_humble2/build/explorer_cartographer
[2.577s] Invoked command in '/workspaces/navigation_ws_humble2/build/explorer_cartographer' returned '0': CMAKE_PREFIX_PATH=${CMAKE_PREFIX_PATH}:/workspaces/navigation_ws_humble2/install/turtlebot3_teleop:/workspaces/navigation_ws_humble2/install/turtlebot3_example:/workspaces/navigation_ws_humble2/install/explorer_wanderer:/workspaces/navigation_ws_humble2/install/explorer_navigation2:/workspaces/navigation_ws_humble2/install/explorer_map_utils:/workspaces/navigation_ws_humble2/install/explorer_bringup:/opt/ros/humble /usr/bin/cmake /workspaces/navigation_ws_humble2/src/ros2_explorer/explorer_cartographer -DAMENT_CMAKE_SYMLINK_INSTALL=1 -DCMAKE_INSTALL_PREFIX=/workspaces/navigation_ws_humble2/install/explorer_cartographer
[2.578s] Invoking command in '/workspaces/navigation_ws_humble2/build/explorer_cartographer': CMAKE_PREFIX_PATH=${CMAKE_PREFIX_PATH}:/workspaces/navigation_ws_humble2/install/turtlebot3_teleop:/workspaces/navigation_ws_humble2/install/turtlebot3_example:/workspaces/navigation_ws_humble2/install/explorer_wanderer:/workspaces/navigation_ws_humble2/install/explorer_navigation2:/workspaces/navigation_ws_humble2/install/explorer_map_utils:/workspaces/navigation_ws_humble2/install/explorer_bringup:/opt/ros/humble /usr/bin/cmake --build /workspaces/navigation_ws_humble2/build/explorer_cartographer -- -j8 -l8
[2.751s] Invoked command in '/workspaces/navigation_ws_humble2/build/explorer_cartographer' returned '0': CMAKE_PREFIX_PATH=${CMAKE_PREFIX_PATH}:/workspaces/navigation_ws_humble2/install/turtlebot3_teleop:/workspaces/navigation_ws_humble2/install/turtlebot3_example:/workspaces/navigation_ws_humble2/install/explorer_wanderer:/workspaces/navigation_ws_humble2/install/explorer_navigation2:/workspaces/navigation_ws_humble2/install/explorer_map_utils:/workspaces/navigation_ws_humble2/install/explorer_bringup:/opt/ros/humble /usr/bin/cmake --build /workspaces/navigation_ws_humble2/build/explorer_cartographer -- -j8 -l8
[2.895s] Invoking command in '/workspaces/navigation_ws_humble2/build/explorer_cartographer': CMAKE_PREFIX_PATH=${CMAKE_PREFIX_PATH}:/workspaces/navigation_ws_humble2/install/turtlebot3_teleop:/workspaces/navigation_ws_humble2/install/turtlebot3_example:/workspaces/navigation_ws_humble2/install/explorer_wanderer:/workspaces/navigation_ws_humble2/install/explorer_navigation2:/workspaces/navigation_ws_humble2/install/explorer_map_utils:/workspaces/navigation_ws_humble2/install/explorer_bringup:/opt/ros/humble /usr/bin/cmake --install /workspaces/navigation_ws_humble2/build/explorer_cartographer
[2.965s] -- Install configuration: ""
[2.965s] -- Execute custom install script
[2.965s] -- Symlinking: /workspaces/navigation_ws_humble2/install/explorer_cartographer/share/explorer_cartographer/config/turtlebot3_lds_2d.lua
[2.965s] -- Symlinking: /workspaces/navigation_ws_humble2/install/explorer_cartographer/share/explorer_cartographer/launch/cartographer.launch.py
[2.990s] -- Symlinking: /workspaces/navigation_ws_humble2/install/explorer_cartographer/share/explorer_cartographer/launch/occupancy_grid.launch.py
[3.038s] -- Symlinking: /workspaces/navigation_ws_humble2/install/explorer_cartographer/share/explorer_cartographer/rviz/tb3_cartographer.rviz
[3.054s] -- Symlinking: /workspaces/navigation_ws_humble2/install/explorer_cartographer/share/ament_index/resource_index/package_run_dependencies/explorer_cartographer
[3.073s] -- Symlinking: /workspaces/navigation_ws_humble2/install/explorer_cartographer/share/ament_index/resource_index/parent_prefix_path/explorer_cartographer
[3.084s] -- Symlinking: /workspaces/navigation_ws_humble2/install/explorer_cartographer/share/explorer_cartographer/environment/ament_prefix_path.sh
[3.143s] -- Symlinking: /workspaces/navigation_ws_humble2/install/explorer_cartographer/share/explorer_cartographer/environment/ament_prefix_path.dsv
[3.164s] -- Symlinking: /workspaces/navigation_ws_humble2/install/explorer_cartographer/share/explorer_cartographer/environment/path.sh
[3.204s] -- Symlinking: /workspaces/navigation_ws_humble2/install/explorer_cartographer/share/explorer_cartographer/environment/path.dsv
[3.248s] -- Symlinking: /workspaces/navigation_ws_humble2/install/explorer_cartographer/share/explorer_cartographer/local_setup.bash
[3.287s] -- Symlinking: /workspaces/navigation_ws_humble2/install/explorer_cartographer/share/explorer_cartographer/local_setup.sh
[3.329s] -- Symlinking: /workspaces/navigation_ws_humble2/install/explorer_cartographer/share/explorer_cartographer/local_setup.zsh
[3.400s] -- Symlinking: /workspaces/navigation_ws_humble2/install/explorer_cartographer/share/explorer_cartographer/local_setup.dsv
[3.431s] -- Symlinking: /workspaces/navigation_ws_humble2/install/explorer_cartographer/share/explorer_cartographer/package.dsv
[3.480s] -- Symlinking: /workspaces/navigation_ws_humble2/install/explorer_cartographer/share/ament_index/resource_index/packages/explorer_cartographer
[3.516s] -- Symlinking: /workspaces/navigation_ws_humble2/install/explorer_cartographer/share/explorer_cartographer/cmake/explorer_cartographerConfig.cmake
[3.603s] -- Symlinking: /workspaces/navigation_ws_humble2/install/explorer_cartographer/share/explorer_cartographer/cmake/explorer_cartographerConfig-version.cmake
[3.638s] -- Symlinking: /workspaces/navigation_ws_humble2/install/explorer_cartographer/share/explorer_cartographer/package.xml
[4.279s] Invoked command in '/workspaces/navigation_ws_humble2/build/explorer_cartographer' returned '0': CMAKE_PREFIX_PATH=${CMAKE_PREFIX_PATH}:/workspaces/navigation_ws_humble2/install/turtlebot3_teleop:/workspaces/navigation_ws_humble2/install/turtlebot3_example:/workspaces/navigation_ws_humble2/install/explorer_wanderer:/workspaces/navigation_ws_humble2/install/explorer_navigation2:/workspaces/navigation_ws_humble2/install/explorer_map_utils:/workspaces/navigation_ws_humble2/install/explorer_bringup:/opt/ros/humble /usr/bin/cmake --install /workspaces/navigation_ws_humble2/build/explorer_cartographer
