[0.020s] Invoking command in '/workspaces/navigation_ws_humble2/build/turtlebot3_simulations': CMAKE_PREFIX_PATH=/workspaces/navigation_ws_humble2/install/turtlebot3_gazebo:/workspaces/navigation_ws_humble2/install/turtlebot3_fake_node:/workspaces/navigation_ws_humble2/install/turtlebot3:/workspaces/navigation_ws_humble2/install/turtlebot3_simulations:/workspaces/navigation_ws_humble2/install/turtlebot3_bringup:/workspaces/navigation_ws_humble2/install/turtlebot3_node:/workspaces/navigation_ws_humble2/install/turtlebot3_navigation2:/workspaces/navigation_ws_humble2/install/turtlebot3_description:/workspaces/navigation_ws_humble2/install/turtlebot3_cartographer:/workspaces/navigation_ws_humble2/install/explorer_interfaces:/workspaces/navigation_ws_humble2/install/explorer_gazebo:/workspaces/navigation_ws_humble2/install/explorer_cartographer:/workspaces/navigation_ws_humble2/install/turtlebot3_teleop:/workspaces/navigation_ws_humble2/install/turtlebot3_example:/workspaces/navigation_ws_humble2/install/explorer_wanderer:/workspaces/navigation_ws_humble2/install/explorer_navigation2:/workspaces/navigation_ws_humble2/install/explorer_map_utils:/workspaces/navigation_ws_humble2/install/explorer_bringup:/opt/ros/humble /usr/bin/cmake /workspaces/navigation_ws_humble2/src/turtlebot3_simulations/turtlebot3_simulations -DAMENT_CMAKE_SYMLINK_INSTALL=1 -DCMAKE_INSTALL_PREFIX=/workspaces/navigation_ws_humble2/install/turtlebot3_simulations
[0.132s] -- The C compiler identification is GNU 11.4.0
[0.235s] -- The CXX compiler identification is GNU 11.4.0
[0.248s] -- Detecting C compiler ABI info
[0.421s] -- Detecting C compiler ABI info - done
[0.451s] -- Check for working C compiler: /usr/bin/cc - skipped
[0.451s] -- Detecting C compile features
[0.455s] -- Detecting C compile features - done
[0.468s] -- Detecting CXX compiler ABI info
[0.655s] -- Detecting CXX compiler ABI info - done
[0.673s] -- Check for working CXX compiler: /usr/bin/c++ - skipped
[0.674s] -- Detecting CXX compile features
[0.676s] -- Detecting CXX compile features - done
[0.685s] -- Found ament_cmake: 1.3.5 (/opt/ros/humble/share/ament_cmake/cmake)
[1.048s] -- Found Python3: /usr/bin/python3.10 (found version "3.10.12") found components: Interpreter 
[1.196s] -- Override CMake install command with custom implementation using symlinks instead of copying resources
[1.439s] -- Configuring done
[1.443s] -- Generating done
[1.444s] -- Build files have been written to: /workspaces/navigation_ws_humble2/build/turtlebot3_simulations
[1.457s] Invoked command in '/workspaces/navigation_ws_humble2/build/turtlebot3_simulations' returned '0': CMAKE_PREFIX_PATH=/workspaces/navigation_ws_humble2/install/turtlebot3_gazebo:/workspaces/navigation_ws_humble2/install/turtlebot3_fake_node:/workspaces/navigation_ws_humble2/install/turtlebot3:/workspaces/navigation_ws_humble2/install/turtlebot3_simulations:/workspaces/navigation_ws_humble2/install/turtlebot3_bringup:/workspaces/navigation_ws_humble2/install/turtlebot3_node:/workspaces/navigation_ws_humble2/install/turtlebot3_navigation2:/workspaces/navigation_ws_humble2/install/turtlebot3_description:/workspaces/navigation_ws_humble2/install/turtlebot3_cartographer:/workspaces/navigation_ws_humble2/install/explorer_interfaces:/workspaces/navigation_ws_humble2/install/explorer_gazebo:/workspaces/navigation_ws_humble2/install/explorer_cartographer:/workspaces/navigation_ws_humble2/install/turtlebot3_teleop:/workspaces/navigation_ws_humble2/install/turtlebot3_example:/workspaces/navigation_ws_humble2/install/explorer_wanderer:/workspaces/navigation_ws_humble2/install/explorer_navigation2:/workspaces/navigation_ws_humble2/install/explorer_map_utils:/workspaces/navigation_ws_humble2/install/explorer_bringup:/opt/ros/humble /usr/bin/cmake /workspaces/navigation_ws_humble2/src/turtlebot3_simulations/turtlebot3_simulations -DAMENT_CMAKE_SYMLINK_INSTALL=1 -DCMAKE_INSTALL_PREFIX=/workspaces/navigation_ws_humble2/install/turtlebot3_simulations
[1.458s] Invoking command in '/workspaces/navigation_ws_humble2/build/turtlebot3_simulations': CMAKE_PREFIX_PATH=/workspaces/navigation_ws_humble2/install/turtlebot3_gazebo:/workspaces/navigation_ws_humble2/install/turtlebot3_fake_node:/workspaces/navigation_ws_humble2/install/turtlebot3:/workspaces/navigation_ws_humble2/install/turtlebot3_simulations:/workspaces/navigation_ws_humble2/install/turtlebot3_bringup:/workspaces/navigation_ws_humble2/install/turtlebot3_node:/workspaces/navigation_ws_humble2/install/turtlebot3_navigation2:/workspaces/navigation_ws_humble2/install/turtlebot3_description:/workspaces/navigation_ws_humble2/install/turtlebot3_cartographer:/workspaces/navigation_ws_humble2/install/explorer_interfaces:/workspaces/navigation_ws_humble2/install/explorer_gazebo:/workspaces/navigation_ws_humble2/install/explorer_cartographer:/workspaces/navigation_ws_humble2/install/turtlebot3_teleop:/workspaces/navigation_ws_humble2/install/turtlebot3_example:/workspaces/navigation_ws_humble2/install/explorer_wanderer:/workspaces/navigation_ws_humble2/install/explorer_navigation2:/workspaces/navigation_ws_humble2/install/explorer_map_utils:/workspaces/navigation_ws_humble2/install/explorer_bringup:/opt/ros/humble /usr/bin/cmake --build /workspaces/navigation_ws_humble2/build/turtlebot3_simulations -- -j8 -l8
[1.523s] Invoked command in '/workspaces/navigation_ws_humble2/build/turtlebot3_simulations' returned '0': CMAKE_PREFIX_PATH=/workspaces/navigation_ws_humble2/install/turtlebot3_gazebo:/workspaces/navigation_ws_humble2/install/turtlebot3_fake_node:/workspaces/navigation_ws_humble2/install/turtlebot3:/workspaces/navigation_ws_humble2/install/turtlebot3_simulations:/workspaces/navigation_ws_humble2/install/turtlebot3_bringup:/workspaces/navigation_ws_humble2/install/turtlebot3_node:/workspaces/navigation_ws_humble2/install/turtlebot3_navigation2:/workspaces/navigation_ws_humble2/install/turtlebot3_description:/workspaces/navigation_ws_humble2/install/turtlebot3_cartographer:/workspaces/navigation_ws_humble2/install/explorer_interfaces:/workspaces/navigation_ws_humble2/install/explorer_gazebo:/workspaces/navigation_ws_humble2/install/explorer_cartographer:/workspaces/navigation_ws_humble2/install/turtlebot3_teleop:/workspaces/navigation_ws_humble2/install/turtlebot3_example:/workspaces/navigation_ws_humble2/install/explorer_wanderer:/workspaces/navigation_ws_humble2/install/explorer_navigation2:/workspaces/navigation_ws_humble2/install/explorer_map_utils:/workspaces/navigation_ws_humble2/install/explorer_bringup:/opt/ros/humble /usr/bin/cmake --build /workspaces/navigation_ws_humble2/build/turtlebot3_simulations -- -j8 -l8
[1.554s] Invoking command in '/workspaces/navigation_ws_humble2/build/turtlebot3_simulations': CMAKE_PREFIX_PATH=/workspaces/navigation_ws_humble2/install/turtlebot3_gazebo:/workspaces/navigation_ws_humble2/install/turtlebot3_fake_node:/workspaces/navigation_ws_humble2/install/turtlebot3:/workspaces/navigation_ws_humble2/install/turtlebot3_simulations:/workspaces/navigation_ws_humble2/install/turtlebot3_bringup:/workspaces/navigation_ws_humble2/install/turtlebot3_node:/workspaces/navigation_ws_humble2/install/turtlebot3_navigation2:/workspaces/navigation_ws_humble2/install/turtlebot3_description:/workspaces/navigation_ws_humble2/install/turtlebot3_cartographer:/workspaces/navigation_ws_humble2/install/explorer_interfaces:/workspaces/navigation_ws_humble2/install/explorer_gazebo:/workspaces/navigation_ws_humble2/install/explorer_cartographer:/workspaces/navigation_ws_humble2/install/turtlebot3_teleop:/workspaces/navigation_ws_humble2/install/turtlebot3_example:/workspaces/navigation_ws_humble2/install/explorer_wanderer:/workspaces/navigation_ws_humble2/install/explorer_navigation2:/workspaces/navigation_ws_humble2/install/explorer_map_utils:/workspaces/navigation_ws_humble2/install/explorer_bringup:/opt/ros/humble /usr/bin/cmake --install /workspaces/navigation_ws_humble2/build/turtlebot3_simulations
[1.566s] -- Install configuration: ""
[1.567s] -- Execute custom install script
[1.569s] -- Symlinking: /workspaces/navigation_ws_humble2/install/turtlebot3_simulations/share/ament_index/resource_index/package_run_dependencies/turtlebot3_simulations
[1.592s] -- Symlinking: /workspaces/navigation_ws_humble2/install/turtlebot3_simulations/share/ament_index/resource_index/parent_prefix_path/turtlebot3_simulations
[1.609s] -- Symlinking: /workspaces/navigation_ws_humble2/install/turtlebot3_simulations/share/turtlebot3_simulations/environment/ament_prefix_path.sh
[1.627s] -- Symlinking: /workspaces/navigation_ws_humble2/install/turtlebot3_simulations/share/turtlebot3_simulations/environment/ament_prefix_path.dsv
[1.641s] -- Symlinking: /workspaces/navigation_ws_humble2/install/turtlebot3_simulations/share/turtlebot3_simulations/environment/path.sh
[1.652s] -- Symlinking: /workspaces/navigation_ws_humble2/install/turtlebot3_simulations/share/turtlebot3_simulations/environment/path.dsv
[1.665s] -- Symlinking: /workspaces/navigation_ws_humble2/install/turtlebot3_simulations/share/turtlebot3_simulations/local_setup.bash
[1.682s] -- Symlinking: /workspaces/navigation_ws_humble2/install/turtlebot3_simulations/share/turtlebot3_simulations/local_setup.sh
[1.696s] -- Symlinking: /workspaces/navigation_ws_humble2/install/turtlebot3_simulations/share/turtlebot3_simulations/local_setup.zsh
[1.710s] -- Symlinking: /workspaces/navigation_ws_humble2/install/turtlebot3_simulations/share/turtlebot3_simulations/local_setup.dsv
[1.728s] -- Symlinking: /workspaces/navigation_ws_humble2/install/turtlebot3_simulations/share/turtlebot3_simulations/package.dsv
[1.738s] -- Symlinking: /workspaces/navigation_ws_humble2/install/turtlebot3_simulations/share/ament_index/resource_index/packages/turtlebot3_simulations
[1.750s] -- Symlinking: /workspaces/navigation_ws_humble2/install/turtlebot3_simulations/share/turtlebot3_simulations/cmake/turtlebot3_simulationsConfig.cmake
[1.765s] -- Symlinking: /workspaces/navigation_ws_humble2/install/turtlebot3_simulations/share/turtlebot3_simulations/cmake/turtlebot3_simulationsConfig-version.cmake
[1.779s] -- Symlinking: /workspaces/navigation_ws_humble2/install/turtlebot3_simulations/share/turtlebot3_simulations/package.xml
[1.816s] Invoked command in '/workspaces/navigation_ws_humble2/build/turtlebot3_simulations' returned '0': CMAKE_PREFIX_PATH=/workspaces/navigation_ws_humble2/install/turtlebot3_gazebo:/workspaces/navigation_ws_humble2/install/turtlebot3_fake_node:/workspaces/navigation_ws_humble2/install/turtlebot3:/workspaces/navigation_ws_humble2/install/turtlebot3_simulations:/workspaces/navigation_ws_humble2/install/turtlebot3_bringup:/workspaces/navigation_ws_humble2/install/turtlebot3_node:/workspaces/navigation_ws_humble2/install/turtlebot3_navigation2:/workspaces/navigation_ws_humble2/install/turtlebot3_description:/workspaces/navigation_ws_humble2/install/turtlebot3_cartographer:/workspaces/navigation_ws_humble2/install/explorer_interfaces:/workspaces/navigation_ws_humble2/install/explorer_gazebo:/workspaces/navigation_ws_humble2/install/explorer_cartographer:/workspaces/navigation_ws_humble2/install/turtlebot3_teleop:/workspaces/navigation_ws_humble2/install/turtlebot3_example:/workspaces/navigation_ws_humble2/install/explorer_wanderer:/workspaces/navigation_ws_humble2/install/explorer_navigation2:/workspaces/navigation_ws_humble2/install/explorer_map_utils:/workspaces/navigation_ws_humble2/install/explorer_bringup:/opt/ros/humble /usr/bin/cmake --install /workspaces/navigation_ws_humble2/build/turtlebot3_simulations
