[0.020s] Invoking command in '/workspaces/navigation_ws_humble2/build/turtlebot3_bringup': CMAKE_PREFIX_PATH=/workspaces/navigation_ws_humble2/install/turtlebot3_node:/workspaces/navigation_ws_humble2/install/turtlebot3_description:/workspaces/navigation_ws_humble2/install/turtlebot3:/workspaces/navigation_ws_humble2/install/turtlebot3_simulations:/workspaces/navigation_ws_humble2/install/turtlebot3_bringup:/workspaces/navigation_ws_humble2/install/turtlebot3_navigation2:/workspaces/navigation_ws_humble2/install/turtlebot3_gazebo:/workspaces/navigation_ws_humble2/install/turtlebot3_fake_node:/workspaces/navigation_ws_humble2/install/turtlebot3_cartographer:/workspaces/navigation_ws_humble2/install/explorer_interfaces:/workspaces/navigation_ws_humble2/install/explorer_gazebo:/workspaces/navigation_ws_humble2/install/explorer_cartographer:/workspaces/navigation_ws_humble2/install/turtlebot3_teleop:/workspaces/navigation_ws_humble2/install/turtlebot3_example:/workspaces/navigation_ws_humble2/install/explorer_wanderer:/workspaces/navigation_ws_humble2/install/explorer_navigation2:/workspaces/navigation_ws_humble2/install/explorer_map_utils:/workspaces/navigation_ws_humble2/install/explorer_bringup:/opt/ros/humble /usr/bin/cmake /workspaces/navigation_ws_humble2/src/turtlebot3/turtlebot3_bringup -DAMENT_CMAKE_SYMLINK_INSTALL=1 -DCMAKE_INSTALL_PREFIX=/workspaces/navigation_ws_humble2/install/turtlebot3_bringup
[0.122s] -- The C compiler identification is GNU 11.4.0
[0.219s] -- The CXX compiler identification is GNU 11.4.0
[0.238s] -- Detecting C compiler ABI info
[0.334s] -- Detecting C compiler ABI info - done
[0.346s] -- Check for working C compiler: /usr/bin/cc - skipped
[0.346s] -- Detecting C compile features
[0.347s] -- Detecting C compile features - done
[0.352s] -- Detecting CXX compiler ABI info
[0.466s] -- Detecting CXX compiler ABI info - done
[0.476s] -- Check for working CXX compiler: /usr/bin/c++ - skipped
[0.476s] -- Detecting CXX compile features
[0.480s] -- Detecting CXX compile features - done
[0.485s] -- Found ament_cmake: 1.3.5 (/opt/ros/humble/share/ament_cmake/cmake)
[0.835s] -- Found Python3: /usr/bin/python3.10 (found version "3.10.12") found components: Interpreter 
[0.956s] -- Override CMake install command with custom implementation using symlinks instead of copying resources
[1.180s] -- Configuring done
[1.187s] -- Generating done
[1.189s] -- Build files have been written to: /workspaces/navigation_ws_humble2/build/turtlebot3_bringup
[1.198s] Invoked command in '/workspaces/navigation_ws_humble2/build/turtlebot3_bringup' returned '0': CMAKE_PREFIX_PATH=/workspaces/navigation_ws_humble2/install/turtlebot3_node:/workspaces/navigation_ws_humble2/install/turtlebot3_description:/workspaces/navigation_ws_humble2/install/turtlebot3:/workspaces/navigation_ws_humble2/install/turtlebot3_simulations:/workspaces/navigation_ws_humble2/install/turtlebot3_bringup:/workspaces/navigation_ws_humble2/install/turtlebot3_navigation2:/workspaces/navigation_ws_humble2/install/turtlebot3_gazebo:/workspaces/navigation_ws_humble2/install/turtlebot3_fake_node:/workspaces/navigation_ws_humble2/install/turtlebot3_cartographer:/workspaces/navigation_ws_humble2/install/explorer_interfaces:/workspaces/navigation_ws_humble2/install/explorer_gazebo:/workspaces/navigation_ws_humble2/install/explorer_cartographer:/workspaces/navigation_ws_humble2/install/turtlebot3_teleop:/workspaces/navigation_ws_humble2/install/turtlebot3_example:/workspaces/navigation_ws_humble2/install/explorer_wanderer:/workspaces/navigation_ws_humble2/install/explorer_navigation2:/workspaces/navigation_ws_humble2/install/explorer_map_utils:/workspaces/navigation_ws_humble2/install/explorer_bringup:/opt/ros/humble /usr/bin/cmake /workspaces/navigation_ws_humble2/src/turtlebot3/turtlebot3_bringup -DAMENT_CMAKE_SYMLINK_INSTALL=1 -DCMAKE_INSTALL_PREFIX=/workspaces/navigation_ws_humble2/install/turtlebot3_bringup
[1.201s] Invoking command in '/workspaces/navigation_ws_humble2/build/turtlebot3_bringup': CMAKE_PREFIX_PATH=/workspaces/navigation_ws_humble2/install/turtlebot3_node:/workspaces/navigation_ws_humble2/install/turtlebot3_description:/workspaces/navigation_ws_humble2/install/turtlebot3:/workspaces/navigation_ws_humble2/install/turtlebot3_simulations:/workspaces/navigation_ws_humble2/install/turtlebot3_bringup:/workspaces/navigation_ws_humble2/install/turtlebot3_navigation2:/workspaces/navigation_ws_humble2/install/turtlebot3_gazebo:/workspaces/navigation_ws_humble2/install/turtlebot3_fake_node:/workspaces/navigation_ws_humble2/install/turtlebot3_cartographer:/workspaces/navigation_ws_humble2/install/explorer_interfaces:/workspaces/navigation_ws_humble2/install/explorer_gazebo:/workspaces/navigation_ws_humble2/install/explorer_cartographer:/workspaces/navigation_ws_humble2/install/turtlebot3_teleop:/workspaces/navigation_ws_humble2/install/turtlebot3_example:/workspaces/navigation_ws_humble2/install/explorer_wanderer:/workspaces/navigation_ws_humble2/install/explorer_navigation2:/workspaces/navigation_ws_humble2/install/explorer_map_utils:/workspaces/navigation_ws_humble2/install/explorer_bringup:/opt/ros/humble /usr/bin/cmake --build /workspaces/navigation_ws_humble2/build/turtlebot3_bringup -- -j8 -l8
[1.260s] Invoked command in '/workspaces/navigation_ws_humble2/build/turtlebot3_bringup' returned '0': CMAKE_PREFIX_PATH=/workspaces/navigation_ws_humble2/install/turtlebot3_node:/workspaces/navigation_ws_humble2/install/turtlebot3_description:/workspaces/navigation_ws_humble2/install/turtlebot3:/workspaces/navigation_ws_humble2/install/turtlebot3_simulations:/workspaces/navigation_ws_humble2/install/turtlebot3_bringup:/workspaces/navigation_ws_humble2/install/turtlebot3_navigation2:/workspaces/navigation_ws_humble2/install/turtlebot3_gazebo:/workspaces/navigation_ws_humble2/install/turtlebot3_fake_node:/workspaces/navigation_ws_humble2/install/turtlebot3_cartographer:/workspaces/navigation_ws_humble2/install/explorer_interfaces:/workspaces/navigation_ws_humble2/install/explorer_gazebo:/workspaces/navigation_ws_humble2/install/explorer_cartographer:/workspaces/navigation_ws_humble2/install/turtlebot3_teleop:/workspaces/navigation_ws_humble2/install/turtlebot3_example:/workspaces/navigation_ws_humble2/install/explorer_wanderer:/workspaces/navigation_ws_humble2/install/explorer_navigation2:/workspaces/navigation_ws_humble2/install/explorer_map_utils:/workspaces/navigation_ws_humble2/install/explorer_bringup:/opt/ros/humble /usr/bin/cmake --build /workspaces/navigation_ws_humble2/build/turtlebot3_bringup -- -j8 -l8
[1.303s] Invoking command in '/workspaces/navigation_ws_humble2/build/turtlebot3_bringup': CMAKE_PREFIX_PATH=/workspaces/navigation_ws_humble2/install/turtlebot3_node:/workspaces/navigation_ws_humble2/install/turtlebot3_description:/workspaces/navigation_ws_humble2/install/turtlebot3:/workspaces/navigation_ws_humble2/install/turtlebot3_simulations:/workspaces/navigation_ws_humble2/install/turtlebot3_bringup:/workspaces/navigation_ws_humble2/install/turtlebot3_navigation2:/workspaces/navigation_ws_humble2/install/turtlebot3_gazebo:/workspaces/navigation_ws_humble2/install/turtlebot3_fake_node:/workspaces/navigation_ws_humble2/install/turtlebot3_cartographer:/workspaces/navigation_ws_humble2/install/explorer_interfaces:/workspaces/navigation_ws_humble2/install/explorer_gazebo:/workspaces/navigation_ws_humble2/install/explorer_cartographer:/workspaces/navigation_ws_humble2/install/turtlebot3_teleop:/workspaces/navigation_ws_humble2/install/turtlebot3_example:/workspaces/navigation_ws_humble2/install/explorer_wanderer:/workspaces/navigation_ws_humble2/install/explorer_navigation2:/workspaces/navigation_ws_humble2/install/explorer_map_utils:/workspaces/navigation_ws_humble2/install/explorer_bringup:/opt/ros/humble /usr/bin/cmake --install /workspaces/navigation_ws_humble2/build/turtlebot3_bringup
[1.312s] -- Install configuration: ""
[1.313s] -- Execute custom install script
[1.314s] -- Symlinking: /workspaces/navigation_ws_humble2/install/turtlebot3_bringup/share/turtlebot3_bringup/launch/robot.launch.py
[1.329s] -- Symlinking: /workspaces/navigation_ws_humble2/install/turtlebot3_bringup/share/turtlebot3_bringup/launch/rviz2.launch.py
[1.345s] -- Symlinking: /workspaces/navigation_ws_humble2/install/turtlebot3_bringup/share/turtlebot3_bringup/launch/turtlebot3_state_publisher.launch.py
[1.352s] -- Symlinking: /workspaces/navigation_ws_humble2/install/turtlebot3_bringup/share/turtlebot3_bringup/param/burger.yaml
[1.365s] -- Symlinking: /workspaces/navigation_ws_humble2/install/turtlebot3_bringup/share/turtlebot3_bringup/param/waffle.yaml
[1.375s] -- Symlinking: /workspaces/navigation_ws_humble2/install/turtlebot3_bringup/share/turtlebot3_bringup/param/waffle_pi.yaml
[1.386s] -- Symlinking: /workspaces/navigation_ws_humble2/install/turtlebot3_bringup/share/turtlebot3_bringup/script/99-turtlebot3-cdc.rules
[1.405s] -- Symlinking: /workspaces/navigation_ws_humble2/install/turtlebot3_bringup/share/turtlebot3_bringup/script/create_udev_rules
[1.418s] -- Symlinking: /workspaces/navigation_ws_humble2/install/turtlebot3_bringup/share/ament_index/resource_index/package_run_dependencies/turtlebot3_bringup
[1.435s] -- Symlinking: /workspaces/navigation_ws_humble2/install/turtlebot3_bringup/share/ament_index/resource_index/parent_prefix_path/turtlebot3_bringup
[1.447s] -- Symlinking: /workspaces/navigation_ws_humble2/install/turtlebot3_bringup/share/turtlebot3_bringup/environment/ament_prefix_path.sh
[1.461s] -- Symlinking: /workspaces/navigation_ws_humble2/install/turtlebot3_bringup/share/turtlebot3_bringup/environment/ament_prefix_path.dsv
[1.471s] -- Symlinking: /workspaces/navigation_ws_humble2/install/turtlebot3_bringup/share/turtlebot3_bringup/environment/path.sh
[1.485s] -- Symlinking: /workspaces/navigation_ws_humble2/install/turtlebot3_bringup/share/turtlebot3_bringup/environment/path.dsv
[1.498s] -- Symlinking: /workspaces/navigation_ws_humble2/install/turtlebot3_bringup/share/turtlebot3_bringup/local_setup.bash
[1.513s] -- Symlinking: /workspaces/navigation_ws_humble2/install/turtlebot3_bringup/share/turtlebot3_bringup/local_setup.sh
[1.527s] -- Symlinking: /workspaces/navigation_ws_humble2/install/turtlebot3_bringup/share/turtlebot3_bringup/local_setup.zsh
[1.537s] -- Symlinking: /workspaces/navigation_ws_humble2/install/turtlebot3_bringup/share/turtlebot3_bringup/local_setup.dsv
[1.552s] -- Symlinking: /workspaces/navigation_ws_humble2/install/turtlebot3_bringup/share/turtlebot3_bringup/package.dsv
[1.568s] -- Symlinking: /workspaces/navigation_ws_humble2/install/turtlebot3_bringup/share/ament_index/resource_index/packages/turtlebot3_bringup
[1.579s] -- Symlinking: /workspaces/navigation_ws_humble2/install/turtlebot3_bringup/share/turtlebot3_bringup/cmake/turtlebot3_bringupConfig.cmake
[1.588s] -- Symlinking: /workspaces/navigation_ws_humble2/install/turtlebot3_bringup/share/turtlebot3_bringup/cmake/turtlebot3_bringupConfig-version.cmake
[1.602s] -- Symlinking: /workspaces/navigation_ws_humble2/install/turtlebot3_bringup/share/turtlebot3_bringup/package.xml
[1.624s] Invoked command in '/workspaces/navigation_ws_humble2/build/turtlebot3_bringup' returned '0': CMAKE_PREFIX_PATH=/workspaces/navigation_ws_humble2/install/turtlebot3_node:/workspaces/navigation_ws_humble2/install/turtlebot3_description:/workspaces/navigation_ws_humble2/install/turtlebot3:/workspaces/navigation_ws_humble2/install/turtlebot3_simulations:/workspaces/navigation_ws_humble2/install/turtlebot3_bringup:/workspaces/navigation_ws_humble2/install/turtlebot3_navigation2:/workspaces/navigation_ws_humble2/install/turtlebot3_gazebo:/workspaces/navigation_ws_humble2/install/turtlebot3_fake_node:/workspaces/navigation_ws_humble2/install/turtlebot3_cartographer:/workspaces/navigation_ws_humble2/install/explorer_interfaces:/workspaces/navigation_ws_humble2/install/explorer_gazebo:/workspaces/navigation_ws_humble2/install/explorer_cartographer:/workspaces/navigation_ws_humble2/install/turtlebot3_teleop:/workspaces/navigation_ws_humble2/install/turtlebot3_example:/workspaces/navigation_ws_humble2/install/explorer_wanderer:/workspaces/navigation_ws_humble2/install/explorer_navigation2:/workspaces/navigation_ws_humble2/install/explorer_map_utils:/workspaces/navigation_ws_humble2/install/explorer_bringup:/opt/ros/humble /usr/bin/cmake --install /workspaces/navigation_ws_humble2/build/turtlebot3_bringup
