[2.281s] Invoking command in '/workspaces/navigation_ws_humble2/build/turtlebot3_example': PYTHONPATH=/workspaces/navigation_ws_humble2/build/turtlebot3_example/prefix_override:/workspaces/navigation_ws_humble2/install/turtlebot3_example/lib/python3.10/site-packages:${PYTHONPATH} /usr/bin/python3 setup.py develop --editable --build-directory /workspaces/navigation_ws_humble2/build/turtlebot3_example/build --no-deps install_data
[2.863s] running develop
[2.864s] /usr/lib/python3/dist-packages/setuptools/command/easy_install.py:158: EasyInstallDeprecationWarning: easy_install command is deprecated. Use build and pip and other standards-based tools.
[2.864s]   warnings.warn(
[2.867s] /usr/lib/python3/dist-packages/setuptools/command/install.py:34: SetuptoolsDeprecationWarning: setup.py install is deprecated. Use build and pip and other standards-based tools.
[2.867s]   warnings.warn(
[3.304s] running egg_info
[3.304s] creating turtlebot3_example.egg-info
[3.306s] writing turtlebot3_example.egg-info/PKG-INFO
[3.307s] writing dependency_links to turtlebot3_example.egg-info/dependency_links.txt
[3.307s] writing entry points to turtlebot3_example.egg-info/entry_points.txt
[3.311s] writing requirements to turtlebot3_example.egg-info/requires.txt
[3.311s] writing top-level names to turtlebot3_example.egg-info/top_level.txt
[3.311s] writing manifest file 'turtlebot3_example.egg-info/SOURCES.txt'
[3.313s] reading manifest file 'turtlebot3_example.egg-info/SOURCES.txt'
[3.314s] writing manifest file 'turtlebot3_example.egg-info/SOURCES.txt'
[3.319s] running build_ext
[3.319s] Creating /workspaces/navigation_ws_humble2/install/turtlebot3_example/lib/python3.10/site-packages/turtlebot3-example.egg-link (link to .)
[3.319s] Installing turtlebot3_obstacle_detection script to /workspaces/navigation_ws_humble2/install/turtlebot3_example/lib/turtlebot3_example
[3.320s] Installing turtlebot3_patrol_client script to /workspaces/navigation_ws_humble2/install/turtlebot3_example/lib/turtlebot3_example
[3.324s] Installing turtlebot3_patrol_server script to /workspaces/navigation_ws_humble2/install/turtlebot3_example/lib/turtlebot3_example
[3.324s] Installing turtlebot3_position_control script to /workspaces/navigation_ws_humble2/install/turtlebot3_example/lib/turtlebot3_example
[3.324s] 
[3.324s] Installed /workspaces/navigation_ws_humble2/build/turtlebot3_example
[3.324s] running install_data
[3.325s] creating /workspaces/navigation_ws_humble2/install/turtlebot3_example/share/ament_index
[3.325s] creating /workspaces/navigation_ws_humble2/install/turtlebot3_example/share/ament_index/resource_index
[3.325s] creating /workspaces/navigation_ws_humble2/install/turtlebot3_example/share/ament_index/resource_index/packages
[3.325s] copying resource/turtlebot3_example -> /workspaces/navigation_ws_humble2/install/turtlebot3_example/share/ament_index/resource_index/packages
[3.325s] copying package.xml -> /workspaces/navigation_ws_humble2/install/turtlebot3_example/share/turtlebot3_example
[3.440s] Invoked command in '/workspaces/navigation_ws_humble2/build/turtlebot3_example' returned '0': PYTHONPATH=/workspaces/navigation_ws_humble2/build/turtlebot3_example/prefix_override:/workspaces/navigation_ws_humble2/install/turtlebot3_example/lib/python3.10/site-packages:${PYTHONPATH} /usr/bin/python3 setup.py develop --editable --build-directory /workspaces/navigation_ws_humble2/build/turtlebot3_example/build --no-deps install_data
