running develop
/usr/lib/python3/dist-packages/setuptools/command/easy_install.py:158: EasyInstallDeprecationWarning: easy_install command is deprecated. Use build and pip and other standards-based tools.
  warnings.warn(
/usr/lib/python3/dist-packages/setuptools/command/install.py:34: SetuptoolsDeprecationWarning: setup.py install is deprecated. Use build and pip and other standards-based tools.
  warnings.warn(
running egg_info
creating explorer_map_utils.egg-info
writing explorer_map_utils.egg-info/PKG-INFO
writing dependency_links to explorer_map_utils.egg-info/dependency_links.txt
writing entry points to explorer_map_utils.egg-info/entry_points.txt
writing requirements to explorer_map_utils.egg-info/requires.txt
writing top-level names to explorer_map_utils.egg-info/top_level.txt
writing manifest file 'explorer_map_utils.egg-info/SOURCES.txt'
reading manifest file 'explorer_map_utils.egg-info/SOURCES.txt'
writing manifest file 'explorer_map_utils.egg-info/SOURCES.txt'
running build_ext
Creating /workspaces/navigation_ws_humble2/install/explorer_map_utils/lib/python3.10/site-packages/explorer-map-utils.egg-link (link to .)
Installing watchtower script to /workspaces/navigation_ws_humble2/install/explorer_map_utils/lib/explorer_map_utils

Installed /workspaces/navigation_ws_humble2/build/explorer_map_utils
running install_data
creating /workspaces/navigation_ws_humble2/install/explorer_map_utils/share/ament_index
creating /workspaces/navigation_ws_humble2/install/explorer_map_utils/share/ament_index/resource_index
creating /workspaces/navigation_ws_humble2/install/explorer_map_utils/share/ament_index/resource_index/packages
copying resource/explorer_map_utils -> /workspaces/navigation_ws_humble2/install/explorer_map_utils/share/ament_index/resource_index/packages
copying package.xml -> /workspaces/navigation_ws_humble2/install/explorer_map_utils/share/explorer_map_utils
