[1.937s] Invoking command in '/workspaces/navigation_ws_humble2/build/explorer_map_utils': PYTHONPATH=/workspaces/navigation_ws_humble2/build/explorer_map_utils/prefix_override:/workspaces/navigation_ws_humble2/install/explorer_map_utils/lib/python3.10/site-packages:${PYTHONPATH} /usr/bin/python3 setup.py develop --editable --build-directory /workspaces/navigation_ws_humble2/build/explorer_map_utils/build --no-deps install_data
[2.491s] running develop
[2.491s] /usr/lib/python3/dist-packages/setuptools/command/easy_install.py:158: EasyInstallDeprecationWarning: easy_install command is deprecated. Use build and pip and other standards-based tools.
[2.491s]   warnings.warn(
[2.498s] /usr/lib/python3/dist-packages/setuptools/command/install.py:34: SetuptoolsDeprecationWarning: setup.py install is deprecated. Use build and pip and other standards-based tools.
[2.498s]   warnings.warn(
[3.012s] running egg_info
[3.012s] creating explorer_map_utils.egg-info
[3.014s] writing explorer_map_utils.egg-info/PKG-INFO
[3.015s] writing dependency_links to explorer_map_utils.egg-info/dependency_links.txt
[3.015s] writing entry points to explorer_map_utils.egg-info/entry_points.txt
[3.016s] writing requirements to explorer_map_utils.egg-info/requires.txt
[3.017s] writing top-level names to explorer_map_utils.egg-info/top_level.txt
[3.018s] writing manifest file 'explorer_map_utils.egg-info/SOURCES.txt'
[3.023s] reading manifest file 'explorer_map_utils.egg-info/SOURCES.txt'
[3.025s] writing manifest file 'explorer_map_utils.egg-info/SOURCES.txt'
[3.028s] running build_ext
[3.029s] Creating /workspaces/navigation_ws_humble2/install/explorer_map_utils/lib/python3.10/site-packages/explorer-map-utils.egg-link (link to .)
[3.034s] Installing watchtower script to /workspaces/navigation_ws_humble2/install/explorer_map_utils/lib/explorer_map_utils
[3.034s] 
[3.034s] Installed /workspaces/navigation_ws_humble2/build/explorer_map_utils
[3.035s] running install_data
[3.035s] creating /workspaces/navigation_ws_humble2/install/explorer_map_utils/share/ament_index
[3.035s] creating /workspaces/navigation_ws_humble2/install/explorer_map_utils/share/ament_index/resource_index
[3.035s] creating /workspaces/navigation_ws_humble2/install/explorer_map_utils/share/ament_index/resource_index/packages
[3.035s] copying resource/explorer_map_utils -> /workspaces/navigation_ws_humble2/install/explorer_map_utils/share/ament_index/resource_index/packages
[3.035s] copying package.xml -> /workspaces/navigation_ws_humble2/install/explorer_map_utils/share/explorer_map_utils
[3.793s] Invoked command in '/workspaces/navigation_ws_humble2/build/explorer_map_utils' returned '0': PYTHONPATH=/workspaces/navigation_ws_humble2/build/explorer_map_utils/prefix_override:/workspaces/navigation_ws_humble2/install/explorer_map_utils/lib/python3.10/site-packages:${PYTHONPATH} /usr/bin/python3 setup.py develop --editable --build-directory /workspaces/navigation_ws_humble2/build/explorer_map_utils/build --no-deps install_data
