running develop
/usr/lib/python3/dist-packages/setuptools/command/easy_install.py:158: EasyInstallDeprecationWarning: easy_install command is deprecated. Use build and pip and other standards-based tools.
  warnings.warn(
/usr/lib/python3/dist-packages/setuptools/command/install.py:34: SetuptoolsDeprecationWarning: setup.py install is deprecated. Use build and pip and other standards-based tools.
  warnings.warn(
running egg_info
creating explorer_wanderer.egg-info
writing explorer_wanderer.egg-info/PKG-INFO
writing dependency_links to explorer_wanderer.egg-info/dependency_links.txt
writing entry points to explorer_wanderer.egg-info/entry_points.txt
writing requirements to explorer_wanderer.egg-info/requires.txt
writing top-level names to explorer_wanderer.egg-info/top_level.txt
writing manifest file 'explorer_wanderer.egg-info/SOURCES.txt'
reading manifest file 'explorer_wanderer.egg-info/SOURCES.txt'
writing manifest file 'explorer_wanderer.egg-info/SOURCES.txt'
running build_ext
Creating /workspaces/navigation_ws_humble2/install/explorer_wanderer/lib/python3.10/site-packages/explorer-wanderer.egg-link (link to .)
Installing discoverer_server script to /workspaces/navigation_ws_humble2/install/explorer_wanderer/lib/explorer_wanderer
Installing wanderer script to /workspaces/navigation_ws_humble2/install/explorer_wanderer/lib/explorer_wanderer
Installing wanderer_server script to /workspaces/navigation_ws_humble2/install/explorer_wanderer/lib/explorer_wanderer

Installed /workspaces/navigation_ws_humble2/build/explorer_wanderer
running install_data
creating /workspaces/navigation_ws_humble2/install/explorer_wanderer/share/ament_index
creating /workspaces/navigation_ws_humble2/install/explorer_wanderer/share/ament_index/resource_index
creating /workspaces/navigation_ws_humble2/install/explorer_wanderer/share/ament_index/resource_index/packages
copying resource/explorer_wanderer -> /workspaces/navigation_ws_humble2/install/explorer_wanderer/share/ament_index/resource_index/packages
copying package.xml -> /workspaces/navigation_ws_humble2/install/explorer_wanderer/share/explorer_wanderer
