[4.563s] Invoking command in '/workspaces/navigation_ws_humble2/build/explorer_wanderer': PYTHONPATH=/workspaces/navigation_ws_humble2/build/explorer_wanderer/prefix_override:/workspaces/navigation_ws_humble2/install/explorer_wanderer/lib/python3.10/site-packages:${PYTHONPATH} /usr/bin/python3 setup.py develop --editable --build-directory /workspaces/navigation_ws_humble2/build/explorer_wanderer/build --no-deps install_data
[6.683s] running develop
[6.690s] /usr/lib/python3/dist-packages/setuptools/command/easy_install.py:158: EasyInstallDeprecationWarning: easy_install command is deprecated. Use build and pip and other standards-based tools.
[6.691s]   warnings.warn(
[6.711s] /usr/lib/python3/dist-packages/setuptools/command/install.py:34: SetuptoolsDeprecationWarning: setup.py install is deprecated. Use build and pip and other standards-based tools.
[6.711s]   warnings.warn(
[7.819s] running egg_info
[7.820s] creating explorer_wanderer.egg-info
[7.822s] writing explorer_wanderer.egg-info/PKG-INFO
[7.823s] writing dependency_links to explorer_wanderer.egg-info/dependency_links.txt
[7.825s] writing entry points to explorer_wanderer.egg-info/entry_points.txt
[7.826s] writing requirements to explorer_wanderer.egg-info/requires.txt
[7.827s] writing top-level names to explorer_wanderer.egg-info/top_level.txt
[7.829s] writing manifest file 'explorer_wanderer.egg-info/SOURCES.txt'
[7.839s] reading manifest file 'explorer_wanderer.egg-info/SOURCES.txt'
[7.840s] writing manifest file 'explorer_wanderer.egg-info/SOURCES.txt'
[7.853s] running build_ext
[7.854s] Creating /workspaces/navigation_ws_humble2/install/explorer_wanderer/lib/python3.10/site-packages/explorer-wanderer.egg-link (link to .)
[7.857s] Installing discoverer_server script to /workspaces/navigation_ws_humble2/install/explorer_wanderer/lib/explorer_wanderer
[7.859s] Installing wanderer script to /workspaces/navigation_ws_humble2/install/explorer_wanderer/lib/explorer_wanderer
[7.860s] Installing wanderer_server script to /workspaces/navigation_ws_humble2/install/explorer_wanderer/lib/explorer_wanderer
[7.861s] 
[7.862s] Installed /workspaces/navigation_ws_humble2/build/explorer_wanderer
[7.863s] running install_data
[7.863s] creating /workspaces/navigation_ws_humble2/install/explorer_wanderer/share/ament_index
[7.865s] creating /workspaces/navigation_ws_humble2/install/explorer_wanderer/share/ament_index/resource_index
[7.865s] creating /workspaces/navigation_ws_humble2/install/explorer_wanderer/share/ament_index/resource_index/packages
[7.866s] copying resource/explorer_wanderer -> /workspaces/navigation_ws_humble2/install/explorer_wanderer/share/ament_index/resource_index/packages
[7.867s] copying package.xml -> /workspaces/navigation_ws_humble2/install/explorer_wanderer/share/explorer_wanderer
[8.000s] Invoked command in '/workspaces/navigation_ws_humble2/build/explorer_wanderer' returned '0': PYTHONPATH=/workspaces/navigation_ws_humble2/build/explorer_wanderer/prefix_override:/workspaces/navigation_ws_humble2/install/explorer_wanderer/lib/python3.10/site-packages:${PYTHONPATH} /usr/bin/python3 setup.py develop --editable --build-directory /workspaces/navigation_ws_humble2/build/explorer_wanderer/build --no-deps install_data
